<testsuites id="" name="" tests="15" failures="15" skipped="0" errors="0" time="65.42433799999999">
<testsuite name="kanban/Tasks/tasks.spec.ts" timestamp="2025-12-05T19:28:12.755Z" hostname="chromium" tests="5" failures="5" skipped="0" time="150.841" errors="0">
<testcase name="Tasks @Tasks › TC-06: Create a new task @TC-06" classname="kanban/Tasks/tasks.spec.ts" time="30.161">
<failure message="tasks.spec.ts:15:7 TC-06: Create a new task @TC-06" type="FAILURE">
<![CDATA[  [chromium] › kanban/Tasks/tasks.spec.ts:15:7 › Tasks @Tasks › TC-06: Create a new task @TC-06 › 1. Click "Add Task" in the column 

    Test timeout of 30000ms exceeded.

    Error: locator.click: Test timeout of 30000ms exceeded.
    Call log:
      - waiting for locator('.kanban-column').first().getByRole('button', { name: /add task/i })


      18 |
      19 |     await test.step('1. Click "Add Task" in the column', async () => {
    > 20 |       await firstColumn.getByRole('button', { name: /add task/i }).click();
         |                                                                    ^
      21 |     });
      22 |
      23 |     await test.step('2. Enter task title', async () => {
        at /home/kavia/workspace/code-generation/playwright-test-suite-for-application-automation-286725/tests/kanban/Tasks/tasks.spec.ts:20:68
        at /home/kavia/workspace/code-generation/playwright-test-suite-for-application-automation-286725/tests/kanban/Tasks/tasks.spec.ts:19:16

    Error Context: ../test-results/kanban-Tasks-tasks-Tasks-Tasks-TC-06-Create-a-new-task-TC-06-chromium/error-context.md
]]>
</failure>
<system-out>
<![CDATA[
[[ATTACHMENT|kanban-Tasks-tasks-Tasks-Tasks-TC-06-Create-a-new-task-TC-06-chromium/error-context.md]]
]]>
</system-out>
</testcase>
<testcase name="Tasks @Tasks › TC-07: Add empty task @TC-07" classname="kanban/Tasks/tasks.spec.ts" time="30.143">
<failure message="tasks.spec.ts:38:7 TC-07: Add empty task @TC-07" type="FAILURE">
<![CDATA[  [chromium] › kanban/Tasks/tasks.spec.ts:38:7 › Tasks @Tasks › TC-07: Add empty task @TC-07 › 1. Click "Add Task" 

    Test timeout of 30000ms exceeded.

    Error: locator.click: Test timeout of 30000ms exceeded.
    Call log:
      - waiting for locator('.kanban-column').first().getByRole('button', { name: /add task/i })


      40 |
      41 |     await test.step('1. Click "Add Task"', async () => {
    > 42 |       await firstColumn.getByRole('button', { name: /add task/i }).click();
         |                                                                    ^
      43 |     });
      44 |
      45 |     await test.step('2. Leave title empty and Attempt to save', async () => {
        at /home/kavia/workspace/code-generation/playwright-test-suite-for-application-automation-286725/tests/kanban/Tasks/tasks.spec.ts:42:68
        at /home/kavia/workspace/code-generation/playwright-test-suite-for-application-automation-286725/tests/kanban/Tasks/tasks.spec.ts:41:16

    Error Context: ../test-results/kanban-Tasks-tasks-Tasks-Tasks-TC-07-Add-empty-task-TC-07-chromium/error-context.md
]]>
</failure>
<system-out>
<![CDATA[
[[ATTACHMENT|kanban-Tasks-tasks-Tasks-Tasks-TC-07-Add-empty-task-TC-07-chromium/error-context.md]]
]]>
</system-out>
</testcase>
<testcase name="Tasks @Tasks › TC-08: Edit task details @TC-08" classname="kanban/Tasks/tasks.spec.ts" time="30.197">
<failure message="tasks.spec.ts:62:7 TC-08: Edit task details @TC-08" type="FAILURE">
<![CDATA[  [chromium] › kanban/Tasks/tasks.spec.ts:62:7 › Tasks @Tasks › TC-08: Edit task details @TC-08 ────

    Test timeout of 30000ms exceeded.

    Error: locator.click: Test timeout of 30000ms exceeded.
    Call log:
      - waiting for locator('.kanban-column').first().getByRole('button', { name: /add task/i })


      64 |     const taskName = 'Edit Me ' + Date.now();
      65 |     const firstColumn = page.locator('.kanban-column').first();
    > 66 |     await firstColumn.getByRole('button', { name: /add task/i }).click();
         |                                                                  ^
      67 |     await firstColumn.getByPlaceholder(/task title/i).fill(taskName);
      68 |     await firstColumn.getByRole('button', { name: /add/i }).click();
      69 |     
        at /home/kavia/workspace/code-generation/playwright-test-suite-for-application-automation-286725/tests/kanban/Tasks/tasks.spec.ts:66:66

    Error Context: ../test-results/kanban-Tasks-tasks-Tasks-Tasks-TC-08-Edit-task-details-TC-08-chromium/error-context.md
]]>
</failure>
<system-out>
<![CDATA[
[[ATTACHMENT|kanban-Tasks-tasks-Tasks-Tasks-TC-08-Edit-task-details-TC-08-chromium/error-context.md]]
]]>
</system-out>
</testcase>
<testcase name="Tasks @Tasks › TC-09: Delete a task @TC-09" classname="kanban/Tasks/tasks.spec.ts" time="30.164">
<failure message="tasks.spec.ts:95:7 TC-09: Delete a task @TC-09" type="FAILURE">
<![CDATA[  [chromium] › kanban/Tasks/tasks.spec.ts:95:7 › Tasks @Tasks › TC-09: Delete a task @TC-09 ────────

    Test timeout of 30000ms exceeded.

    Error: locator.click: Test timeout of 30000ms exceeded.
    Call log:
      - waiting for locator('.kanban-column').first().getByRole('button', { name: /add task/i })


       96 |     const taskName = 'Delete Me ' + Date.now();
       97 |     const firstColumn = page.locator('.kanban-column').first();
    >  98 |     await firstColumn.getByRole('button', { name: /add task/i }).click();
          |                                                                  ^
       99 |     await firstColumn.getByPlaceholder(/task title/i).fill(taskName);
      100 |     await firstColumn.getByRole('button', { name: /add/i }).click();
      101 |
        at /home/kavia/workspace/code-generation/playwright-test-suite-for-application-automation-286725/tests/kanban/Tasks/tasks.spec.ts:98:66

    Error Context: ../test-results/kanban-Tasks-tasks-Tasks-Tasks-TC-09-Delete-a-task-TC-09-chromium/error-context.md
]]>
</failure>
<system-out>
<![CDATA[
[[ATTACHMENT|kanban-Tasks-tasks-Tasks-Tasks-TC-09-Delete-a-task-TC-09-chromium/error-context.md]]
]]>
</system-out>
</testcase>
<testcase name="Tasks @Tasks › TC-10: Task persistence after refresh @TC-10" classname="kanban/Tasks/tasks.spec.ts" time="30.176">
<failure message="tasks.spec.ts:118:7 TC-10: Task persistence after refresh @TC-10" type="FAILURE">
<![CDATA[  [chromium] › kanban/Tasks/tasks.spec.ts:118:7 › Tasks @Tasks › TC-10: Task persistence after refresh @TC-10 

    Test timeout of 30000ms exceeded.

    Error: locator.click: Test timeout of 30000ms exceeded.
    Call log:
      - waiting for locator('.kanban-column').first().getByRole('button', { name: /add task/i })


      119 |     const taskName = 'Persistence ' + Date.now();
      120 |     const firstColumn = page.locator('.kanban-column').first();
    > 121 |     await firstColumn.getByRole('button', { name: /add task/i }).click();
          |                                                                  ^
      122 |     await firstColumn.getByPlaceholder(/task title/i).fill(taskName);
      123 |     await firstColumn.getByRole('button', { name: /add/i }).click();
      124 |
        at /home/kavia/workspace/code-generation/playwright-test-suite-for-application-automation-286725/tests/kanban/Tasks/tasks.spec.ts:121:66

    Error Context: ../test-results/kanban-Tasks-tasks-Tasks-T-60d39-istence-after-refresh-TC-10-chromium/error-context.md
]]>
</failure>
<system-out>
<![CDATA[
[[ATTACHMENT|kanban-Tasks-tasks-Tasks-T-60d39-istence-after-refresh-TC-10-chromium/error-context.md]]
]]>
</system-out>
</testcase>
</testsuite>
<testsuite name="kanban/Tasks/tasks.spec.ts" timestamp="2025-12-05T19:28:12.755Z" hostname="firefox" tests="5" failures="5" skipped="0" time="153.492" errors="0">
<testcase name="Tasks @Tasks › TC-06: Create a new task @TC-06" classname="kanban/Tasks/tasks.spec.ts" time="30.7">
<failure message="tasks.spec.ts:15:7 TC-06: Create a new task @TC-06" type="FAILURE">
<![CDATA[  [firefox] › kanban/Tasks/tasks.spec.ts:15:7 › Tasks @Tasks › TC-06: Create a new task @TC-06 › 1. Click "Add Task" in the column 

    Test timeout of 30000ms exceeded.

    Error: locator.click: Test timeout of 30000ms exceeded.
    Call log:
      - waiting for locator('.kanban-column').first().getByRole('button', { name: /add task/i })


      18 |
      19 |     await test.step('1. Click "Add Task" in the column', async () => {
    > 20 |       await firstColumn.getByRole('button', { name: /add task/i }).click();
         |                                                                    ^
      21 |     });
      22 |
      23 |     await test.step('2. Enter task title', async () => {
        at /home/kavia/workspace/code-generation/playwright-test-suite-for-application-automation-286725/tests/kanban/Tasks/tasks.spec.ts:20:68
        at /home/kavia/workspace/code-generation/playwright-test-suite-for-application-automation-286725/tests/kanban/Tasks/tasks.spec.ts:19:16

    Error Context: ../test-results/kanban-Tasks-tasks-Tasks-Tasks-TC-06-Create-a-new-task-TC-06-firefox/error-context.md
]]>
</failure>
<system-out>
<![CDATA[
[[ATTACHMENT|kanban-Tasks-tasks-Tasks-Tasks-TC-06-Create-a-new-task-TC-06-firefox/error-context.md]]
]]>
</system-out>
</testcase>
<testcase name="Tasks @Tasks › TC-07: Add empty task @TC-07" classname="kanban/Tasks/tasks.spec.ts" time="30.894">
<failure message="tasks.spec.ts:38:7 TC-07: Add empty task @TC-07" type="FAILURE">
<![CDATA[  [firefox] › kanban/Tasks/tasks.spec.ts:38:7 › Tasks @Tasks › TC-07: Add empty task @TC-07 › 1. Click "Add Task" 

    Test timeout of 30000ms exceeded.

    Error: locator.click: Test timeout of 30000ms exceeded.
    Call log:
      - waiting for locator('.kanban-column').first().getByRole('button', { name: /add task/i })


      40 |
      41 |     await test.step('1. Click "Add Task"', async () => {
    > 42 |       await firstColumn.getByRole('button', { name: /add task/i }).click();
         |                                                                    ^
      43 |     });
      44 |
      45 |     await test.step('2. Leave title empty and Attempt to save', async () => {
        at /home/kavia/workspace/code-generation/playwright-test-suite-for-application-automation-286725/tests/kanban/Tasks/tasks.spec.ts:42:68
        at /home/kavia/workspace/code-generation/playwright-test-suite-for-application-automation-286725/tests/kanban/Tasks/tasks.spec.ts:41:16

    Error Context: ../test-results/kanban-Tasks-tasks-Tasks-Tasks-TC-07-Add-empty-task-TC-07-firefox/error-context.md
]]>
</failure>
<system-out>
<![CDATA[
[[ATTACHMENT|kanban-Tasks-tasks-Tasks-Tasks-TC-07-Add-empty-task-TC-07-firefox/error-context.md]]
]]>
</system-out>
</testcase>
<testcase name="Tasks @Tasks › TC-08: Edit task details @TC-08" classname="kanban/Tasks/tasks.spec.ts" time="30.629">
<failure message="tasks.spec.ts:62:7 TC-08: Edit task details @TC-08" type="FAILURE">
<![CDATA[  [firefox] › kanban/Tasks/tasks.spec.ts:62:7 › Tasks @Tasks › TC-08: Edit task details @TC-08 ─────

    Test timeout of 30000ms exceeded.

    Error: locator.click: Test timeout of 30000ms exceeded.
    Call log:
      - waiting for locator('.kanban-column').first().getByRole('button', { name: /add task/i })


      64 |     const taskName = 'Edit Me ' + Date.now();
      65 |     const firstColumn = page.locator('.kanban-column').first();
    > 66 |     await firstColumn.getByRole('button', { name: /add task/i }).click();
         |                                                                  ^
      67 |     await firstColumn.getByPlaceholder(/task title/i).fill(taskName);
      68 |     await firstColumn.getByRole('button', { name: /add/i }).click();
      69 |     
        at /home/kavia/workspace/code-generation/playwright-test-suite-for-application-automation-286725/tests/kanban/Tasks/tasks.spec.ts:66:66

    Error Context: ../test-results/kanban-Tasks-tasks-Tasks-Tasks-TC-08-Edit-task-details-TC-08-firefox/error-context.md
]]>
</failure>
<system-out>
<![CDATA[
[[ATTACHMENT|kanban-Tasks-tasks-Tasks-Tasks-TC-08-Edit-task-details-TC-08-firefox/error-context.md]]
]]>
</system-out>
</testcase>
<testcase name="Tasks @Tasks › TC-09: Delete a task @TC-09" classname="kanban/Tasks/tasks.spec.ts" time="30.658">
<failure message="tasks.spec.ts:95:7 TC-09: Delete a task @TC-09" type="FAILURE">
<![CDATA[  [firefox] › kanban/Tasks/tasks.spec.ts:95:7 › Tasks @Tasks › TC-09: Delete a task @TC-09 ─────────

    Test timeout of 30000ms exceeded.

    Error: locator.click: Test timeout of 30000ms exceeded.
    Call log:
      - waiting for locator('.kanban-column').first().getByRole('button', { name: /add task/i })


       96 |     const taskName = 'Delete Me ' + Date.now();
       97 |     const firstColumn = page.locator('.kanban-column').first();
    >  98 |     await firstColumn.getByRole('button', { name: /add task/i }).click();
          |                                                                  ^
       99 |     await firstColumn.getByPlaceholder(/task title/i).fill(taskName);
      100 |     await firstColumn.getByRole('button', { name: /add/i }).click();
      101 |
        at /home/kavia/workspace/code-generation/playwright-test-suite-for-application-automation-286725/tests/kanban/Tasks/tasks.spec.ts:98:66

    Error Context: ../test-results/kanban-Tasks-tasks-Tasks-Tasks-TC-09-Delete-a-task-TC-09-firefox/error-context.md
]]>
</failure>
<system-out>
<![CDATA[
[[ATTACHMENT|kanban-Tasks-tasks-Tasks-Tasks-TC-09-Delete-a-task-TC-09-firefox/error-context.md]]
]]>
</system-out>
</testcase>
<testcase name="Tasks @Tasks › TC-10: Task persistence after refresh @TC-10" classname="kanban/Tasks/tasks.spec.ts" time="30.611">
<failure message="tasks.spec.ts:118:7 TC-10: Task persistence after refresh @TC-10" type="FAILURE">
<![CDATA[  [firefox] › kanban/Tasks/tasks.spec.ts:118:7 › Tasks @Tasks › TC-10: Task persistence after refresh @TC-10 

    Test timeout of 30000ms exceeded.

    Error: locator.click: Test timeout of 30000ms exceeded.
    Call log:
      - waiting for locator('.kanban-column').first().getByRole('button', { name: /add task/i })


      119 |     const taskName = 'Persistence ' + Date.now();
      120 |     const firstColumn = page.locator('.kanban-column').first();
    > 121 |     await firstColumn.getByRole('button', { name: /add task/i }).click();
          |                                                                  ^
      122 |     await firstColumn.getByPlaceholder(/task title/i).fill(taskName);
      123 |     await firstColumn.getByRole('button', { name: /add/i }).click();
      124 |
        at /home/kavia/workspace/code-generation/playwright-test-suite-for-application-automation-286725/tests/kanban/Tasks/tasks.spec.ts:121:66

    Error Context: ../test-results/kanban-Tasks-tasks-Tasks-T-60d39-istence-after-refresh-TC-10-firefox/error-context.md
]]>
</failure>
<system-out>
<![CDATA[
[[ATTACHMENT|kanban-Tasks-tasks-Tasks-T-60d39-istence-after-refresh-TC-10-firefox/error-context.md]]
]]>
</system-out>
</testcase>
</testsuite>
<testsuite name="kanban/Tasks/tasks.spec.ts" timestamp="2025-12-05T19:28:12.755Z" hostname="webkit" tests="5" failures="5" skipped="0" time="150.764" errors="0">
<testcase name="Tasks @Tasks › TC-06: Create a new task @TC-06" classname="kanban/Tasks/tasks.spec.ts" time="30.155">
<failure message="tasks.spec.ts:15:7 TC-06: Create a new task @TC-06" type="FAILURE">
<![CDATA[  [webkit] › kanban/Tasks/tasks.spec.ts:15:7 › Tasks @Tasks › TC-06: Create a new task @TC-06 › 1. Click "Add Task" in the column 

    Test timeout of 30000ms exceeded.

    Error: locator.click: Test timeout of 30000ms exceeded.
    Call log:
      - waiting for locator('.kanban-column').first().getByRole('button', { name: /add task/i })


      18 |
      19 |     await test.step('1. Click "Add Task" in the column', async () => {
    > 20 |       await firstColumn.getByRole('button', { name: /add task/i }).click();
         |                                                                    ^
      21 |     });
      22 |
      23 |     await test.step('2. Enter task title', async () => {
        at /home/kavia/workspace/code-generation/playwright-test-suite-for-application-automation-286725/tests/kanban/Tasks/tasks.spec.ts:20:68
        at /home/kavia/workspace/code-generation/playwright-test-suite-for-application-automation-286725/tests/kanban/Tasks/tasks.spec.ts:19:16

    Error Context: ../test-results/kanban-Tasks-tasks-Tasks-Tasks-TC-06-Create-a-new-task-TC-06-webkit/error-context.md
]]>
</failure>
<system-out>
<![CDATA[
[[ATTACHMENT|kanban-Tasks-tasks-Tasks-Tasks-TC-06-Create-a-new-task-TC-06-webkit/error-context.md]]
]]>
</system-out>
</testcase>
<testcase name="Tasks @Tasks › TC-07: Add empty task @TC-07" classname="kanban/Tasks/tasks.spec.ts" time="30.149">
<failure message="tasks.spec.ts:38:7 TC-07: Add empty task @TC-07" type="FAILURE">
<![CDATA[  [webkit] › kanban/Tasks/tasks.spec.ts:38:7 › Tasks @Tasks › TC-07: Add empty task @TC-07 › 1. Click "Add Task" 

    Test timeout of 30000ms exceeded.

    Error: locator.click: Test timeout of 30000ms exceeded.
    Call log:
      - waiting for locator('.kanban-column').first().getByRole('button', { name: /add task/i })


      40 |
      41 |     await test.step('1. Click "Add Task"', async () => {
    > 42 |       await firstColumn.getByRole('button', { name: /add task/i }).click();
         |                                                                    ^
      43 |     });
      44 |
      45 |     await test.step('2. Leave title empty and Attempt to save', async () => {
        at /home/kavia/workspace/code-generation/playwright-test-suite-for-application-automation-286725/tests/kanban/Tasks/tasks.spec.ts:42:68
        at /home/kavia/workspace/code-generation/playwright-test-suite-for-application-automation-286725/tests/kanban/Tasks/tasks.spec.ts:41:16

    Error Context: ../test-results/kanban-Tasks-tasks-Tasks-Tasks-TC-07-Add-empty-task-TC-07-webkit/error-context.md
]]>
</failure>
<system-out>
<![CDATA[
[[ATTACHMENT|kanban-Tasks-tasks-Tasks-Tasks-TC-07-Add-empty-task-TC-07-webkit/error-context.md]]
]]>
</system-out>
</testcase>
<testcase name="Tasks @Tasks › TC-08: Edit task details @TC-08" classname="kanban/Tasks/tasks.spec.ts" time="30.185">
<failure message="tasks.spec.ts:62:7 TC-08: Edit task details @TC-08" type="FAILURE">
<![CDATA[  [webkit] › kanban/Tasks/tasks.spec.ts:62:7 › Tasks @Tasks › TC-08: Edit task details @TC-08 ──────

    Test timeout of 30000ms exceeded.

    Error: locator.click: Test timeout of 30000ms exceeded.
    Call log:
      - waiting for locator('.kanban-column').first().getByRole('button', { name: /add task/i })


      64 |     const taskName = 'Edit Me ' + Date.now();
      65 |     const firstColumn = page.locator('.kanban-column').first();
    > 66 |     await firstColumn.getByRole('button', { name: /add task/i }).click();
         |                                                                  ^
      67 |     await firstColumn.getByPlaceholder(/task title/i).fill(taskName);
      68 |     await firstColumn.getByRole('button', { name: /add/i }).click();
      69 |     
        at /home/kavia/workspace/code-generation/playwright-test-suite-for-application-automation-286725/tests/kanban/Tasks/tasks.spec.ts:66:66

    Error Context: ../test-results/kanban-Tasks-tasks-Tasks-Tasks-TC-08-Edit-task-details-TC-08-webkit/error-context.md
]]>
</failure>
<system-out>
<![CDATA[
[[ATTACHMENT|kanban-Tasks-tasks-Tasks-Tasks-TC-08-Edit-task-details-TC-08-webkit/error-context.md]]
]]>
</system-out>
</testcase>
<testcase name="Tasks @Tasks › TC-09: Delete a task @TC-09" classname="kanban/Tasks/tasks.spec.ts" time="30.134">
<failure message="tasks.spec.ts:95:7 TC-09: Delete a task @TC-09" type="FAILURE">
<![CDATA[  [webkit] › kanban/Tasks/tasks.spec.ts:95:7 › Tasks @Tasks › TC-09: Delete a task @TC-09 ──────────

    Test timeout of 30000ms exceeded.

    Error: locator.click: Test timeout of 30000ms exceeded.
    Call log:
      - waiting for locator('.kanban-column').first().getByRole('button', { name: /add task/i })


       96 |     const taskName = 'Delete Me ' + Date.now();
       97 |     const firstColumn = page.locator('.kanban-column').first();
    >  98 |     await firstColumn.getByRole('button', { name: /add task/i }).click();
          |                                                                  ^
       99 |     await firstColumn.getByPlaceholder(/task title/i).fill(taskName);
      100 |     await firstColumn.getByRole('button', { name: /add/i }).click();
      101 |
        at /home/kavia/workspace/code-generation/playwright-test-suite-for-application-automation-286725/tests/kanban/Tasks/tasks.spec.ts:98:66

    Error Context: ../test-results/kanban-Tasks-tasks-Tasks-Tasks-TC-09-Delete-a-task-TC-09-webkit/error-context.md
]]>
</failure>
<system-out>
<![CDATA[
[[ATTACHMENT|kanban-Tasks-tasks-Tasks-Tasks-TC-09-Delete-a-task-TC-09-webkit/error-context.md]]
]]>
</system-out>
</testcase>
<testcase name="Tasks @Tasks › TC-10: Task persistence after refresh @TC-10" classname="kanban/Tasks/tasks.spec.ts" time="30.141">
<failure message="tasks.spec.ts:118:7 TC-10: Task persistence after refresh @TC-10" type="FAILURE">
<![CDATA[  [webkit] › kanban/Tasks/tasks.spec.ts:118:7 › Tasks @Tasks › TC-10: Task persistence after refresh @TC-10 

    Test timeout of 30000ms exceeded.

    Error: locator.click: Test timeout of 30000ms exceeded.
    Call log:
      - waiting for locator('.kanban-column').first().getByRole('button', { name: /add task/i })


      119 |     const taskName = 'Persistence ' + Date.now();
      120 |     const firstColumn = page.locator('.kanban-column').first();
    > 121 |     await firstColumn.getByRole('button', { name: /add task/i }).click();
          |                                                                  ^
      122 |     await firstColumn.getByPlaceholder(/task title/i).fill(taskName);
      123 |     await firstColumn.getByRole('button', { name: /add/i }).click();
      124 |
        at /home/kavia/workspace/code-generation/playwright-test-suite-for-application-automation-286725/tests/kanban/Tasks/tasks.spec.ts:121:66

    Error Context: ../test-results/kanban-Tasks-tasks-Tasks-T-60d39-istence-after-refresh-TC-10-webkit/error-context.md
]]>
</failure>
<system-out>
<![CDATA[
[[ATTACHMENT|kanban-Tasks-tasks-Tasks-T-60d39-istence-after-refresh-TC-10-webkit/error-context.md]]
]]>
</system-out>
</testcase>
</testsuite>
</testsuites>