<testsuites id="" name="" tests="72" failures="62" skipped="0" errors="0" time="4155.56739">
<testsuite name="example.spec.ts" timestamp="2025-12-08T17:42:01.593Z" hostname="chromium" tests="2" failures="0" skipped="0" time="0.806" errors="0">
<testcase name="has title @smoke" classname="example.spec.ts" time="0.344">
<system-err>
<![CDATA[Skipping host requirements validation logic because `PLAYWRIGHT_SKIP_VALIDATE_HOST_REQUIREMENTS` env variable is set.
]]>
</system-err>
</testcase>
<testcase name="get started link @smoke" classname="example.spec.ts" time="0.462">
</testcase>
</testsuite>
<testsuite name="kanban/BoardLayout/board_layout.spec.ts" timestamp="2025-12-08T17:42:01.593Z" hostname="chromium" tests="1" failures="1" skipped="0" time="15.359" errors="0">
<testcase name="Board Layout @BoardLayout › TC-01: Verify default board load @TC-01" classname="kanban/BoardLayout/board_layout.spec.ts" time="15.359">
<failure message="board_layout.spec.ts:5:7 TC-01: Verify default board load @TC-01" type="FAILURE">
<![CDATA[  [chromium] › kanban/BoardLayout/board_layout.spec.ts:5:7 › Board Layout @BoardLayout › TC-01: Verify default board load @TC-01 › 2. Observe the initial state 

    Error: expect(locator).toBeVisible() failed

    Locator: locator('.kanban-board')
    Expected: visible
    Timeout: 5000ms
    Error: element(s) not found

    Call log:
      - Expect "toBeVisible" with timeout 5000ms
      - waiting for locator('.kanban-board')


      10 |     await test.step('2. Observe the initial state', async () => {
      11 |       // Verify that the board container is visible
    > 12 |       await expect(page.locator('.kanban-board')).toBeVisible();
         |                                                   ^
      13 |       
      14 |       // Expect at least some default columns or an empty state
      15 |       // Common defaults are To Do, In Progress, Done
        at /home/kavia/workspace/code-generation/playwright-test-suite-for-application-automation-286725/tests/kanban/BoardLayout/board_layout.spec.ts:12:51
        at /home/kavia/workspace/code-generation/playwright-test-suite-for-application-automation-286725/tests/kanban/BoardLayout/board_layout.spec.ts:10:16

    Error Context: ../test-results/kanban-BoardLayout-board_l-36f22-fy-default-board-load-TC-01-chromium/error-context.md

    Retry #1 ───────────────────────────────────────────────────────────────────────────────────────

    Error: expect(locator).toBeVisible() failed

    Locator: locator('.kanban-board')
    Expected: visible
    Timeout: 5000ms
    Error: element(s) not found

    Call log:
      - Expect "toBeVisible" with timeout 5000ms
      - waiting for locator('.kanban-board')


      10 |     await test.step('2. Observe the initial state', async () => {
      11 |       // Verify that the board container is visible
    > 12 |       await expect(page.locator('.kanban-board')).toBeVisible();
         |                                                   ^
      13 |       
      14 |       // Expect at least some default columns or an empty state
      15 |       // Common defaults are To Do, In Progress, Done
        at /home/kavia/workspace/code-generation/playwright-test-suite-for-application-automation-286725/tests/kanban/BoardLayout/board_layout.spec.ts:12:51
        at /home/kavia/workspace/code-generation/playwright-test-suite-for-application-automation-286725/tests/kanban/BoardLayout/board_layout.spec.ts:10:16

    Error Context: ../test-results/kanban-BoardLayout-board_l-36f22-fy-default-board-load-TC-01-chromium-retry1/error-context.md

    attachment #2: trace (application/zip) ─────────────────────────────────────────────────────────
    ../test-results/kanban-BoardLayout-board_l-36f22-fy-default-board-load-TC-01-chromium-retry1/trace.zip
    Usage:

        npx playwright show-trace ../test-results/kanban-BoardLayout-board_l-36f22-fy-default-board-load-TC-01-chromium-retry1/trace.zip

    ────────────────────────────────────────────────────────────────────────────────────────────────

    Retry #2 ───────────────────────────────────────────────────────────────────────────────────────

    Error: expect(locator).toBeVisible() failed

    Locator: locator('.kanban-board')
    Expected: visible
    Timeout: 5000ms
    Error: element(s) not found

    Call log:
      - Expect "toBeVisible" with timeout 5000ms
      - waiting for locator('.kanban-board')


      10 |     await test.step('2. Observe the initial state', async () => {
      11 |       // Verify that the board container is visible
    > 12 |       await expect(page.locator('.kanban-board')).toBeVisible();
         |                                                   ^
      13 |       
      14 |       // Expect at least some default columns or an empty state
      15 |       // Common defaults are To Do, In Progress, Done
        at /home/kavia/workspace/code-generation/playwright-test-suite-for-application-automation-286725/tests/kanban/BoardLayout/board_layout.spec.ts:12:51
        at /home/kavia/workspace/code-generation/playwright-test-suite-for-application-automation-286725/tests/kanban/BoardLayout/board_layout.spec.ts:10:16

    Error Context: ../test-results/kanban-BoardLayout-board_l-36f22-fy-default-board-load-TC-01-chromium-retry2/error-context.md
]]>
</failure>
<system-err>
<![CDATA[
Warning: attachment kanban-BoardLayout-board_l-36f22-fy-default-board-load-TC-01-chromium/error-context.md is missingSkipping host requirements validation logic because `PLAYWRIGHT_SKIP_VALIDATE_HOST_REQUIREMENTS` env variable is set.

Warning: attachment kanban-BoardLayout-board_l-36f22-fy-default-board-load-TC-01-chromium-retry1/error-context.md is missing
Warning: attachment kanban-BoardLayout-board_l-36f22-fy-default-board-load-TC-01-chromium-retry1/trace.zip is missingSkipping host requirements validation logic because `PLAYWRIGHT_SKIP_VALIDATE_HOST_REQUIREMENTS` env variable is set.

Warning: attachment kanban-BoardLayout-board_l-36f22-fy-default-board-load-TC-01-chromium-retry2/error-context.md is missing]]>
</system-err>
</testcase>
</testsuite>
<testsuite name="kanban/Columns/columns.spec.ts" timestamp="2025-12-08T17:42:01.593Z" hostname="chromium" tests="4" failures="4" skipped="0" time="360.333" errors="0">
<testcase name="Columns @Columns › TC-02: Add a new column @TC-02" classname="kanban/Columns/columns.spec.ts" time="90.085">
<failure message="columns.spec.ts:9:7 TC-02: Add a new column @TC-02" type="FAILURE">
<![CDATA[  [chromium] › kanban/Columns/columns.spec.ts:9:7 › Columns @Columns › TC-02: Add a new column @TC-02 › 1. Click on "Add Column" or "+" button 

    Test timeout of 30000ms exceeded.

    Error: locator.click: Test timeout of 30000ms exceeded.
    Call log:
      - waiting for getByRole('button', { name: '+ Add Column' })


      12 |     await test.step('1. Click on "Add Column" or "+" button', async () => {
      13 |       // Assuming a button with "Add Column" text or similar in Toolbar
    > 14 |       await page.getByRole('button', { name: '+ Add Column' }).click();
         |                                                                ^
      15 |     });
      16 |
      17 |     await test.step('2. Enter column name', async () => {
        at /home/kavia/workspace/code-generation/playwright-test-suite-for-application-automation-286725/tests/kanban/Columns/columns.spec.ts:14:64
        at /home/kavia/workspace/code-generation/playwright-test-suite-for-application-automation-286725/tests/kanban/Columns/columns.spec.ts:12:16

    Error Context: ../test-results/kanban-Columns-columns-Col-b870d-C-02-Add-a-new-column-TC-02-chromium/error-context.md

    Retry #1 ───────────────────────────────────────────────────────────────────────────────────────

    Test timeout of 30000ms exceeded.

    Error: locator.click: Test timeout of 30000ms exceeded.
    Call log:
      - waiting for getByRole('button', { name: '+ Add Column' })


      12 |     await test.step('1. Click on "Add Column" or "+" button', async () => {
      13 |       // Assuming a button with "Add Column" text or similar in Toolbar
    > 14 |       await page.getByRole('button', { name: '+ Add Column' }).click();
         |                                                                ^
      15 |     });
      16 |
      17 |     await test.step('2. Enter column name', async () => {
        at /home/kavia/workspace/code-generation/playwright-test-suite-for-application-automation-286725/tests/kanban/Columns/columns.spec.ts:14:64
        at /home/kavia/workspace/code-generation/playwright-test-suite-for-application-automation-286725/tests/kanban/Columns/columns.spec.ts:12:16

    Error Context: ../test-results/kanban-Columns-columns-Col-b870d-C-02-Add-a-new-column-TC-02-chromium-retry1/error-context.md

    attachment #2: trace (application/zip) ─────────────────────────────────────────────────────────
    ../test-results/kanban-Columns-columns-Col-b870d-C-02-Add-a-new-column-TC-02-chromium-retry1/trace.zip
    Usage:

        npx playwright show-trace ../test-results/kanban-Columns-columns-Col-b870d-C-02-Add-a-new-column-TC-02-chromium-retry1/trace.zip

    ────────────────────────────────────────────────────────────────────────────────────────────────

    Retry #2 ───────────────────────────────────────────────────────────────────────────────────────

    Test timeout of 30000ms exceeded.

    Error: locator.click: Test timeout of 30000ms exceeded.
    Call log:
      - waiting for getByRole('button', { name: '+ Add Column' })


      12 |     await test.step('1. Click on "Add Column" or "+" button', async () => {
      13 |       // Assuming a button with "Add Column" text or similar in Toolbar
    > 14 |       await page.getByRole('button', { name: '+ Add Column' }).click();
         |                                                                ^
      15 |     });
      16 |
      17 |     await test.step('2. Enter column name', async () => {
        at /home/kavia/workspace/code-generation/playwright-test-suite-for-application-automation-286725/tests/kanban/Columns/columns.spec.ts:14:64
        at /home/kavia/workspace/code-generation/playwright-test-suite-for-application-automation-286725/tests/kanban/Columns/columns.spec.ts:12:16

    Error Context: ../test-results/kanban-Columns-columns-Col-b870d-C-02-Add-a-new-column-TC-02-chromium-retry2/error-context.md
]]>
</failure>
<system-err>
<![CDATA[Skipping host requirements validation logic because `PLAYWRIGHT_SKIP_VALIDATE_HOST_REQUIREMENTS` env variable is set.

Warning: attachment kanban-Columns-columns-Col-b870d-C-02-Add-a-new-column-TC-02-chromium/error-context.md is missingSkipping host requirements validation logic because `PLAYWRIGHT_SKIP_VALIDATE_HOST_REQUIREMENTS` env variable is set.

Warning: attachment kanban-Columns-columns-Col-b870d-C-02-Add-a-new-column-TC-02-chromium-retry1/error-context.md is missing
Warning: attachment kanban-Columns-columns-Col-b870d-C-02-Add-a-new-column-TC-02-chromium-retry1/trace.zip is missingSkipping host requirements validation logic because `PLAYWRIGHT_SKIP_VALIDATE_HOST_REQUIREMENTS` env variable is set.

Warning: attachment kanban-Columns-columns-Col-b870d-C-02-Add-a-new-column-TC-02-chromium-retry2/error-context.md is missing]]>
</system-err>
</testcase>
<testcase name="Columns @Columns › TC-03: Rename an existing column @TC-03" classname="kanban/Columns/columns.spec.ts" time="90.092">
<failure message="columns.spec.ts:30:7 TC-03: Rename an existing column @TC-03" type="FAILURE">
<![CDATA[  [chromium] › kanban/Columns/columns.spec.ts:30:7 › Columns @Columns › TC-03: Rename an existing column @TC-03 

    Test timeout of 30000ms exceeded.

    Error: locator.textContent: Test timeout of 30000ms exceeded.
    Call log:
      - waiting for locator('.kanban-column-title').first()


      31 |     // Pre-req: Ensure a column exists to rename
      32 |     const firstColumnTitle = page.locator('.kanban-column-title').first();
    > 33 |     const originalText = await firstColumnTitle.textContent();
         |                                                 ^
      34 |     const newText = 'Backlog ' + Date.now();
      35 |
      36 |     await test.step('1. Click on a column title', async () => {
        at /home/kavia/workspace/code-generation/playwright-test-suite-for-application-automation-286725/tests/kanban/Columns/columns.spec.ts:33:49

    Error Context: ../test-results/kanban-Columns-columns-Col-20a6c-me-an-existing-column-TC-03-chromium/error-context.md

    Retry #1 ───────────────────────────────────────────────────────────────────────────────────────

    Test timeout of 30000ms exceeded.

    Error: locator.textContent: Test timeout of 30000ms exceeded.
    Call log:
      - waiting for locator('.kanban-column-title').first()


      31 |     // Pre-req: Ensure a column exists to rename
      32 |     const firstColumnTitle = page.locator('.kanban-column-title').first();
    > 33 |     const originalText = await firstColumnTitle.textContent();
         |                                                 ^
      34 |     const newText = 'Backlog ' + Date.now();
      35 |
      36 |     await test.step('1. Click on a column title', async () => {
        at /home/kavia/workspace/code-generation/playwright-test-suite-for-application-automation-286725/tests/kanban/Columns/columns.spec.ts:33:49

    Error Context: ../test-results/kanban-Columns-columns-Col-20a6c-me-an-existing-column-TC-03-chromium-retry1/error-context.md

    attachment #2: trace (application/zip) ─────────────────────────────────────────────────────────
    ../test-results/kanban-Columns-columns-Col-20a6c-me-an-existing-column-TC-03-chromium-retry1/trace.zip
    Usage:

        npx playwright show-trace ../test-results/kanban-Columns-columns-Col-20a6c-me-an-existing-column-TC-03-chromium-retry1/trace.zip

    ────────────────────────────────────────────────────────────────────────────────────────────────

    Retry #2 ───────────────────────────────────────────────────────────────────────────────────────

    Test timeout of 30000ms exceeded.

    Error: locator.textContent: Test timeout of 30000ms exceeded.
    Call log:
      - waiting for locator('.kanban-column-title').first()


      31 |     // Pre-req: Ensure a column exists to rename
      32 |     const firstColumnTitle = page.locator('.kanban-column-title').first();
    > 33 |     const originalText = await firstColumnTitle.textContent();
         |                                                 ^
      34 |     const newText = 'Backlog ' + Date.now();
      35 |
      36 |     await test.step('1. Click on a column title', async () => {
        at /home/kavia/workspace/code-generation/playwright-test-suite-for-application-automation-286725/tests/kanban/Columns/columns.spec.ts:33:49

    Error Context: ../test-results/kanban-Columns-columns-Col-20a6c-me-an-existing-column-TC-03-chromium-retry2/error-context.md
]]>
</failure>
<system-err>
<![CDATA[Skipping host requirements validation logic because `PLAYWRIGHT_SKIP_VALIDATE_HOST_REQUIREMENTS` env variable is set.

Warning: attachment kanban-Columns-columns-Col-20a6c-me-an-existing-column-TC-03-chromium/error-context.md is missingSkipping host requirements validation logic because `PLAYWRIGHT_SKIP_VALIDATE_HOST_REQUIREMENTS` env variable is set.

Warning: attachment kanban-Columns-columns-Col-20a6c-me-an-existing-column-TC-03-chromium-retry1/error-context.md is missing
Warning: attachment kanban-Columns-columns-Col-20a6c-me-an-existing-column-TC-03-chromium-retry1/trace.zip is missingSkipping host requirements validation logic because `PLAYWRIGHT_SKIP_VALIDATE_HOST_REQUIREMENTS` env variable is set.

Warning: attachment kanban-Columns-columns-Col-20a6c-me-an-existing-column-TC-03-chromium-retry2/error-context.md is missing]]>
</system-err>
</testcase>
<testcase name="Columns @Columns › TC-04: Delete a column @TC-04" classname="kanban/Columns/columns.spec.ts" time="90.077">
<failure message="columns.spec.ts:54:7 TC-04: Delete a column @TC-04" type="FAILURE">
<![CDATA[  [chromium] › kanban/Columns/columns.spec.ts:54:7 › Columns @Columns › TC-04: Delete a column @TC-04 

    Test timeout of 30000ms exceeded.

    Error: locator.click: Test timeout of 30000ms exceeded.
    Call log:
      - waiting for getByRole('button', { name: '+ Add Column' })


      54 |   test('TC-04: Delete a column @TC-04', async ({ page }) => {
      55 |     // Pre-req: Create a temp column to delete to avoid destroying default board state
    > 56 |     await page.getByRole('button', { name: '+ Add Column' }).click();
         |                                                              ^
      57 |     await page.getByPlaceholder(/column title/i).fill('Delete Me');
      58 |     await page.getByRole('button', { name: 'Add Column', exact: true }).click();
      59 |     const colLocator = page.locator('.kanban-column', { hasText: 'Delete Me' });
        at /home/kavia/workspace/code-generation/playwright-test-suite-for-application-automation-286725/tests/kanban/Columns/columns.spec.ts:56:62

    Error Context: ../test-results/kanban-Columns-columns-Col-6db02-TC-04-Delete-a-column-TC-04-chromium/error-context.md

    Retry #1 ───────────────────────────────────────────────────────────────────────────────────────

    Test timeout of 30000ms exceeded.

    Error: locator.click: Test timeout of 30000ms exceeded.
    Call log:
      - waiting for getByRole('button', { name: '+ Add Column' })


      54 |   test('TC-04: Delete a column @TC-04', async ({ page }) => {
      55 |     // Pre-req: Create a temp column to delete to avoid destroying default board state
    > 56 |     await page.getByRole('button', { name: '+ Add Column' }).click();
         |                                                              ^
      57 |     await page.getByPlaceholder(/column title/i).fill('Delete Me');
      58 |     await page.getByRole('button', { name: 'Add Column', exact: true }).click();
      59 |     const colLocator = page.locator('.kanban-column', { hasText: 'Delete Me' });
        at /home/kavia/workspace/code-generation/playwright-test-suite-for-application-automation-286725/tests/kanban/Columns/columns.spec.ts:56:62

    Error Context: ../test-results/kanban-Columns-columns-Col-6db02-TC-04-Delete-a-column-TC-04-chromium-retry1/error-context.md

    attachment #2: trace (application/zip) ─────────────────────────────────────────────────────────
    ../test-results/kanban-Columns-columns-Col-6db02-TC-04-Delete-a-column-TC-04-chromium-retry1/trace.zip
    Usage:

        npx playwright show-trace ../test-results/kanban-Columns-columns-Col-6db02-TC-04-Delete-a-column-TC-04-chromium-retry1/trace.zip

    ────────────────────────────────────────────────────────────────────────────────────────────────

    Retry #2 ───────────────────────────────────────────────────────────────────────────────────────

    Test timeout of 30000ms exceeded.

    Error: locator.click: Test timeout of 30000ms exceeded.
    Call log:
      - waiting for getByRole('button', { name: '+ Add Column' })


      54 |   test('TC-04: Delete a column @TC-04', async ({ page }) => {
      55 |     // Pre-req: Create a temp column to delete to avoid destroying default board state
    > 56 |     await page.getByRole('button', { name: '+ Add Column' }).click();
         |                                                              ^
      57 |     await page.getByPlaceholder(/column title/i).fill('Delete Me');
      58 |     await page.getByRole('button', { name: 'Add Column', exact: true }).click();
      59 |     const colLocator = page.locator('.kanban-column', { hasText: 'Delete Me' });
        at /home/kavia/workspace/code-generation/playwright-test-suite-for-application-automation-286725/tests/kanban/Columns/columns.spec.ts:56:62

    Error Context: ../test-results/kanban-Columns-columns-Col-6db02-TC-04-Delete-a-column-TC-04-chromium-retry2/error-context.md
]]>
</failure>
<system-err>
<![CDATA[Skipping host requirements validation logic because `PLAYWRIGHT_SKIP_VALIDATE_HOST_REQUIREMENTS` env variable is set.

Warning: attachment kanban-Columns-columns-Col-6db02-TC-04-Delete-a-column-TC-04-chromium/error-context.md is missingSkipping host requirements validation logic because `PLAYWRIGHT_SKIP_VALIDATE_HOST_REQUIREMENTS` env variable is set.

Warning: attachment kanban-Columns-columns-Col-6db02-TC-04-Delete-a-column-TC-04-chromium-retry1/error-context.md is missing
Warning: attachment kanban-Columns-columns-Col-6db02-TC-04-Delete-a-column-TC-04-chromium-retry1/trace.zip is missingSkipping host requirements validation logic because `PLAYWRIGHT_SKIP_VALIDATE_HOST_REQUIREMENTS` env variable is set.

Warning: attachment kanban-Columns-columns-Col-6db02-TC-04-Delete-a-column-TC-04-chromium-retry2/error-context.md is missing]]>
</system-err>
</testcase>
<testcase name="Columns @Columns › TC-05: Duplicate column names @TC-05" classname="kanban/Columns/columns.spec.ts" time="90.079">
<failure message="columns.spec.ts:76:7 TC-05: Duplicate column names @TC-05" type="FAILURE">
<![CDATA[  [chromium] › kanban/Columns/columns.spec.ts:76:7 › Columns @Columns › TC-05: Duplicate column names @TC-05 › 1. Create a column named "Duplicate Test" 

    Test timeout of 30000ms exceeded.

    Error: locator.click: Test timeout of 30000ms exceeded.
    Call log:
      - waiting for getByRole('button', { name: '+ Add Column' })


      78 |
      79 |     await test.step('1. Create a column named "Duplicate Test"', async () => {
    > 80 |       await page.getByRole('button', { name: '+ Add Column' }).click();
         |                                                                ^
      81 |       await page.getByPlaceholder(/column title/i).fill(dupName);
      82 |       await page.getByRole('button', { name: 'Add Column', exact: true }).click();
      83 |     });
        at /home/kavia/workspace/code-generation/playwright-test-suite-for-application-automation-286725/tests/kanban/Columns/columns.spec.ts:80:64
        at /home/kavia/workspace/code-generation/playwright-test-suite-for-application-automation-286725/tests/kanban/Columns/columns.spec.ts:79:16

    Error Context: ../test-results/kanban-Columns-columns-Col-79aec-uplicate-column-names-TC-05-chromium/error-context.md

    Retry #1 ───────────────────────────────────────────────────────────────────────────────────────

    Test timeout of 30000ms exceeded.

    Error: locator.click: Test timeout of 30000ms exceeded.
    Call log:
      - waiting for getByRole('button', { name: '+ Add Column' })


      78 |
      79 |     await test.step('1. Create a column named "Duplicate Test"', async () => {
    > 80 |       await page.getByRole('button', { name: '+ Add Column' }).click();
         |                                                                ^
      81 |       await page.getByPlaceholder(/column title/i).fill(dupName);
      82 |       await page.getByRole('button', { name: 'Add Column', exact: true }).click();
      83 |     });
        at /home/kavia/workspace/code-generation/playwright-test-suite-for-application-automation-286725/tests/kanban/Columns/columns.spec.ts:80:64
        at /home/kavia/workspace/code-generation/playwright-test-suite-for-application-automation-286725/tests/kanban/Columns/columns.spec.ts:79:16

    Error Context: ../test-results/kanban-Columns-columns-Col-79aec-uplicate-column-names-TC-05-chromium-retry1/error-context.md

    attachment #2: trace (application/zip) ─────────────────────────────────────────────────────────
    ../test-results/kanban-Columns-columns-Col-79aec-uplicate-column-names-TC-05-chromium-retry1/trace.zip
    Usage:

        npx playwright show-trace ../test-results/kanban-Columns-columns-Col-79aec-uplicate-column-names-TC-05-chromium-retry1/trace.zip

    ────────────────────────────────────────────────────────────────────────────────────────────────

    Retry #2 ───────────────────────────────────────────────────────────────────────────────────────

    Test timeout of 30000ms exceeded.

    Error: locator.click: Test timeout of 30000ms exceeded.
    Call log:
      - waiting for getByRole('button', { name: '+ Add Column' })


      78 |
      79 |     await test.step('1. Create a column named "Duplicate Test"', async () => {
    > 80 |       await page.getByRole('button', { name: '+ Add Column' }).click();
         |                                                                ^
      81 |       await page.getByPlaceholder(/column title/i).fill(dupName);
      82 |       await page.getByRole('button', { name: 'Add Column', exact: true }).click();
      83 |     });
        at /home/kavia/workspace/code-generation/playwright-test-suite-for-application-automation-286725/tests/kanban/Columns/columns.spec.ts:80:64
        at /home/kavia/workspace/code-generation/playwright-test-suite-for-application-automation-286725/tests/kanban/Columns/columns.spec.ts:79:16

    Error Context: ../test-results/kanban-Columns-columns-Col-79aec-uplicate-column-names-TC-05-chromium-retry2/error-context.md
]]>
</failure>
<system-err>
<![CDATA[Skipping host requirements validation logic because `PLAYWRIGHT_SKIP_VALIDATE_HOST_REQUIREMENTS` env variable is set.

Warning: attachment kanban-Columns-columns-Col-79aec-uplicate-column-names-TC-05-chromium/error-context.md is missingSkipping host requirements validation logic because `PLAYWRIGHT_SKIP_VALIDATE_HOST_REQUIREMENTS` env variable is set.

Warning: attachment kanban-Columns-columns-Col-79aec-uplicate-column-names-TC-05-chromium-retry1/error-context.md is missing
Warning: attachment kanban-Columns-columns-Col-79aec-uplicate-column-names-TC-05-chromium-retry1/trace.zip is missingSkipping host requirements validation logic because `PLAYWRIGHT_SKIP_VALIDATE_HOST_REQUIREMENTS` env variable is set.

Warning: attachment kanban-Columns-columns-Col-79aec-uplicate-column-names-TC-05-chromium-retry2/error-context.md is missing]]>
</system-err>
</testcase>
</testsuite>
<testsuite name="kanban/DragAndDrop/drag_and_drop.spec.ts" timestamp="2025-12-08T17:42:01.593Z" hostname="chromium" tests="4" failures="4" skipped="0" time="360.35" errors="0">
<testcase name="Drag &amp; Drop @DragAndDrop › TC-11: Move task to next column @TC-11" classname="kanban/DragAndDrop/drag_and_drop.spec.ts" time="90.08">
<failure message="drag_and_drop.spec.ts:15:7 TC-11: Move task to next column @TC-11" type="FAILURE">
<![CDATA[  [chromium] › kanban/DragAndDrop/drag_and_drop.spec.ts:15:7 › Drag & Drop @DragAndDrop › TC-11: Move task to next column @TC-11 

    Test timeout of 30000ms exceeded while running "beforeEach" hook.

      3 | test.describe('Drag & Drop @DragAndDrop', () => {
      4 |
    > 5 |   test.beforeEach(async ({ page }) => {
        |        ^
      6 |     await page.goto('/product');
      7 |     // Ensure we have at least 2 columns
      8 |     while (await page.locator('.kanban-column').count() < 2) {
        at /home/kavia/workspace/code-generation/playwright-test-suite-for-application-automation-286725/tests/kanban/DragAndDrop/drag_and_drop.spec.ts:5:8

    Error: locator.click: Test timeout of 30000ms exceeded.
    Call log:
      - waiting for getByRole('button', { name: '+ Add Column' })


       7 |     // Ensure we have at least 2 columns
       8 |     while (await page.locator('.kanban-column').count() < 2) {
    >  9 |       await page.getByRole('button', { name: '+ Add Column' }).click();
         |                                                                ^
      10 |       await page.getByPlaceholder(/column title/i).fill('Col ' + Date.now());
      11 |       await page.getByRole('button', { name: 'Add Column', exact: true }).click();
      12 |     }
        at /home/kavia/workspace/code-generation/playwright-test-suite-for-application-automation-286725/tests/kanban/DragAndDrop/drag_and_drop.spec.ts:9:64

    Error Context: ../test-results/kanban-DragAndDrop-drag_an-3fb5d-e-task-to-next-column-TC-11-chromium/error-context.md

    Retry #1 ───────────────────────────────────────────────────────────────────────────────────────

    Test timeout of 30000ms exceeded while running "beforeEach" hook.

      3 | test.describe('Drag & Drop @DragAndDrop', () => {
      4 |
    > 5 |   test.beforeEach(async ({ page }) => {
        |        ^
      6 |     await page.goto('/product');
      7 |     // Ensure we have at least 2 columns
      8 |     while (await page.locator('.kanban-column').count() < 2) {
        at /home/kavia/workspace/code-generation/playwright-test-suite-for-application-automation-286725/tests/kanban/DragAndDrop/drag_and_drop.spec.ts:5:8

    Error: locator.click: Test timeout of 30000ms exceeded.
    Call log:
      - waiting for getByRole('button', { name: '+ Add Column' })


       7 |     // Ensure we have at least 2 columns
       8 |     while (await page.locator('.kanban-column').count() < 2) {
    >  9 |       await page.getByRole('button', { name: '+ Add Column' }).click();
         |                                                                ^
      10 |       await page.getByPlaceholder(/column title/i).fill('Col ' + Date.now());
      11 |       await page.getByRole('button', { name: 'Add Column', exact: true }).click();
      12 |     }
        at /home/kavia/workspace/code-generation/playwright-test-suite-for-application-automation-286725/tests/kanban/DragAndDrop/drag_and_drop.spec.ts:9:64

    Error Context: ../test-results/kanban-DragAndDrop-drag_an-3fb5d-e-task-to-next-column-TC-11-chromium-retry1/error-context.md

    attachment #2: trace (application/zip) ─────────────────────────────────────────────────────────
    ../test-results/kanban-DragAndDrop-drag_an-3fb5d-e-task-to-next-column-TC-11-chromium-retry1/trace.zip
    Usage:

        npx playwright show-trace ../test-results/kanban-DragAndDrop-drag_an-3fb5d-e-task-to-next-column-TC-11-chromium-retry1/trace.zip

    ────────────────────────────────────────────────────────────────────────────────────────────────

    Retry #2 ───────────────────────────────────────────────────────────────────────────────────────

    Test timeout of 30000ms exceeded while running "beforeEach" hook.

      3 | test.describe('Drag & Drop @DragAndDrop', () => {
      4 |
    > 5 |   test.beforeEach(async ({ page }) => {
        |        ^
      6 |     await page.goto('/product');
      7 |     // Ensure we have at least 2 columns
      8 |     while (await page.locator('.kanban-column').count() < 2) {
        at /home/kavia/workspace/code-generation/playwright-test-suite-for-application-automation-286725/tests/kanban/DragAndDrop/drag_and_drop.spec.ts:5:8

    Error: locator.click: Test timeout of 30000ms exceeded.
    Call log:
      - waiting for getByRole('button', { name: '+ Add Column' })


       7 |     // Ensure we have at least 2 columns
       8 |     while (await page.locator('.kanban-column').count() < 2) {
    >  9 |       await page.getByRole('button', { name: '+ Add Column' }).click();
         |                                                                ^
      10 |       await page.getByPlaceholder(/column title/i).fill('Col ' + Date.now());
      11 |       await page.getByRole('button', { name: 'Add Column', exact: true }).click();
      12 |     }
        at /home/kavia/workspace/code-generation/playwright-test-suite-for-application-automation-286725/tests/kanban/DragAndDrop/drag_and_drop.spec.ts:9:64

    Error Context: ../test-results/kanban-DragAndDrop-drag_an-3fb5d-e-task-to-next-column-TC-11-chromium-retry2/error-context.md
]]>
</failure>
<system-err>
<![CDATA[Skipping host requirements validation logic because `PLAYWRIGHT_SKIP_VALIDATE_HOST_REQUIREMENTS` env variable is set.

Warning: attachment kanban-DragAndDrop-drag_an-3fb5d-e-task-to-next-column-TC-11-chromium/error-context.md is missingSkipping host requirements validation logic because `PLAYWRIGHT_SKIP_VALIDATE_HOST_REQUIREMENTS` env variable is set.

Warning: attachment kanban-DragAndDrop-drag_an-3fb5d-e-task-to-next-column-TC-11-chromium-retry1/error-context.md is missing
Warning: attachment kanban-DragAndDrop-drag_an-3fb5d-e-task-to-next-column-TC-11-chromium-retry1/trace.zip is missingSkipping host requirements validation logic because `PLAYWRIGHT_SKIP_VALIDATE_HOST_REQUIREMENTS` env variable is set.

Warning: attachment kanban-DragAndDrop-drag_an-3fb5d-e-task-to-next-column-TC-11-chromium-retry2/error-context.md is missing]]>
</system-err>
</testcase>
<testcase name="Drag &amp; Drop @DragAndDrop › TC-12: Move task backwards @TC-12" classname="kanban/DragAndDrop/drag_and_drop.spec.ts" time="90.089">
<failure message="drag_and_drop.spec.ts:39:7 TC-12: Move task backwards @TC-12" type="FAILURE">
<![CDATA[  [chromium] › kanban/DragAndDrop/drag_and_drop.spec.ts:39:7 › Drag & Drop @DragAndDrop › TC-12: Move task backwards @TC-12 

    Test timeout of 30000ms exceeded while running "beforeEach" hook.

      3 | test.describe('Drag & Drop @DragAndDrop', () => {
      4 |
    > 5 |   test.beforeEach(async ({ page }) => {
        |        ^
      6 |     await page.goto('/product');
      7 |     // Ensure we have at least 2 columns
      8 |     while (await page.locator('.kanban-column').count() < 2) {
        at /home/kavia/workspace/code-generation/playwright-test-suite-for-application-automation-286725/tests/kanban/DragAndDrop/drag_and_drop.spec.ts:5:8

    Error: locator.click: Test timeout of 30000ms exceeded.
    Call log:
      - waiting for getByRole('button', { name: '+ Add Column' })


       7 |     // Ensure we have at least 2 columns
       8 |     while (await page.locator('.kanban-column').count() < 2) {
    >  9 |       await page.getByRole('button', { name: '+ Add Column' }).click();
         |                                                                ^
      10 |       await page.getByPlaceholder(/column title/i).fill('Col ' + Date.now());
      11 |       await page.getByRole('button', { name: 'Add Column', exact: true }).click();
      12 |     }
        at /home/kavia/workspace/code-generation/playwright-test-suite-for-application-automation-286725/tests/kanban/DragAndDrop/drag_and_drop.spec.ts:9:64

    Error Context: ../test-results/kanban-DragAndDrop-drag_an-fb8ab-2-Move-task-backwards-TC-12-chromium/error-context.md

    Retry #1 ───────────────────────────────────────────────────────────────────────────────────────

    Test timeout of 30000ms exceeded while running "beforeEach" hook.

      3 | test.describe('Drag & Drop @DragAndDrop', () => {
      4 |
    > 5 |   test.beforeEach(async ({ page }) => {
        |        ^
      6 |     await page.goto('/product');
      7 |     // Ensure we have at least 2 columns
      8 |     while (await page.locator('.kanban-column').count() < 2) {
        at /home/kavia/workspace/code-generation/playwright-test-suite-for-application-automation-286725/tests/kanban/DragAndDrop/drag_and_drop.spec.ts:5:8

    Error: locator.click: Test timeout of 30000ms exceeded.
    Call log:
      - waiting for getByRole('button', { name: '+ Add Column' })


       7 |     // Ensure we have at least 2 columns
       8 |     while (await page.locator('.kanban-column').count() < 2) {
    >  9 |       await page.getByRole('button', { name: '+ Add Column' }).click();
         |                                                                ^
      10 |       await page.getByPlaceholder(/column title/i).fill('Col ' + Date.now());
      11 |       await page.getByRole('button', { name: 'Add Column', exact: true }).click();
      12 |     }
        at /home/kavia/workspace/code-generation/playwright-test-suite-for-application-automation-286725/tests/kanban/DragAndDrop/drag_and_drop.spec.ts:9:64

    Error Context: ../test-results/kanban-DragAndDrop-drag_an-fb8ab-2-Move-task-backwards-TC-12-chromium-retry1/error-context.md

    attachment #2: trace (application/zip) ─────────────────────────────────────────────────────────
    ../test-results/kanban-DragAndDrop-drag_an-fb8ab-2-Move-task-backwards-TC-12-chromium-retry1/trace.zip
    Usage:

        npx playwright show-trace ../test-results/kanban-DragAndDrop-drag_an-fb8ab-2-Move-task-backwards-TC-12-chromium-retry1/trace.zip

    ────────────────────────────────────────────────────────────────────────────────────────────────

    Retry #2 ───────────────────────────────────────────────────────────────────────────────────────

    Test timeout of 30000ms exceeded while running "beforeEach" hook.

      3 | test.describe('Drag & Drop @DragAndDrop', () => {
      4 |
    > 5 |   test.beforeEach(async ({ page }) => {
        |        ^
      6 |     await page.goto('/product');
      7 |     // Ensure we have at least 2 columns
      8 |     while (await page.locator('.kanban-column').count() < 2) {
        at /home/kavia/workspace/code-generation/playwright-test-suite-for-application-automation-286725/tests/kanban/DragAndDrop/drag_and_drop.spec.ts:5:8

    Error: locator.click: Test timeout of 30000ms exceeded.
    Call log:
      - waiting for getByRole('button', { name: '+ Add Column' })


       7 |     // Ensure we have at least 2 columns
       8 |     while (await page.locator('.kanban-column').count() < 2) {
    >  9 |       await page.getByRole('button', { name: '+ Add Column' }).click();
         |                                                                ^
      10 |       await page.getByPlaceholder(/column title/i).fill('Col ' + Date.now());
      11 |       await page.getByRole('button', { name: 'Add Column', exact: true }).click();
      12 |     }
        at /home/kavia/workspace/code-generation/playwright-test-suite-for-application-automation-286725/tests/kanban/DragAndDrop/drag_and_drop.spec.ts:9:64

    Error Context: ../test-results/kanban-DragAndDrop-drag_an-fb8ab-2-Move-task-backwards-TC-12-chromium-retry2/error-context.md
]]>
</failure>
<system-err>
<![CDATA[Skipping host requirements validation logic because `PLAYWRIGHT_SKIP_VALIDATE_HOST_REQUIREMENTS` env variable is set.

Warning: attachment kanban-DragAndDrop-drag_an-fb8ab-2-Move-task-backwards-TC-12-chromium/error-context.md is missingSkipping host requirements validation logic because `PLAYWRIGHT_SKIP_VALIDATE_HOST_REQUIREMENTS` env variable is set.

Warning: attachment kanban-DragAndDrop-drag_an-fb8ab-2-Move-task-backwards-TC-12-chromium-retry1/error-context.md is missing
Warning: attachment kanban-DragAndDrop-drag_an-fb8ab-2-Move-task-backwards-TC-12-chromium-retry1/trace.zip is missingSkipping host requirements validation logic because `PLAYWRIGHT_SKIP_VALIDATE_HOST_REQUIREMENTS` env variable is set.

Warning: attachment kanban-DragAndDrop-drag_an-fb8ab-2-Move-task-backwards-TC-12-chromium-retry2/error-context.md is missing]]>
</system-err>
</testcase>
<testcase name="Drag &amp; Drop @DragAndDrop › TC-13: Reorder tasks within column @TC-13" classname="kanban/DragAndDrop/drag_and_drop.spec.ts" time="90.079">
<failure message="drag_and_drop.spec.ts:61:7 TC-13: Reorder tasks within column @TC-13" type="FAILURE">
<![CDATA[  [chromium] › kanban/DragAndDrop/drag_and_drop.spec.ts:61:7 › Drag & Drop @DragAndDrop › TC-13: Reorder tasks within column @TC-13 

    Test timeout of 30000ms exceeded while running "beforeEach" hook.

      3 | test.describe('Drag & Drop @DragAndDrop', () => {
      4 |
    > 5 |   test.beforeEach(async ({ page }) => {
        |        ^
      6 |     await page.goto('/product');
      7 |     // Ensure we have at least 2 columns
      8 |     while (await page.locator('.kanban-column').count() < 2) {
        at /home/kavia/workspace/code-generation/playwright-test-suite-for-application-automation-286725/tests/kanban/DragAndDrop/drag_and_drop.spec.ts:5:8

    Error: locator.click: Test timeout of 30000ms exceeded.
    Call log:
      - waiting for getByRole('button', { name: '+ Add Column' })


       7 |     // Ensure we have at least 2 columns
       8 |     while (await page.locator('.kanban-column').count() < 2) {
    >  9 |       await page.getByRole('button', { name: '+ Add Column' }).click();
         |                                                                ^
      10 |       await page.getByPlaceholder(/column title/i).fill('Col ' + Date.now());
      11 |       await page.getByRole('button', { name: 'Add Column', exact: true }).click();
      12 |     }
        at /home/kavia/workspace/code-generation/playwright-test-suite-for-application-automation-286725/tests/kanban/DragAndDrop/drag_and_drop.spec.ts:9:64

    Error Context: ../test-results/kanban-DragAndDrop-drag_an-d236f-r-tasks-within-column-TC-13-chromium/error-context.md

    Retry #1 ───────────────────────────────────────────────────────────────────────────────────────

    Test timeout of 30000ms exceeded while running "beforeEach" hook.

      3 | test.describe('Drag & Drop @DragAndDrop', () => {
      4 |
    > 5 |   test.beforeEach(async ({ page }) => {
        |        ^
      6 |     await page.goto('/product');
      7 |     // Ensure we have at least 2 columns
      8 |     while (await page.locator('.kanban-column').count() < 2) {
        at /home/kavia/workspace/code-generation/playwright-test-suite-for-application-automation-286725/tests/kanban/DragAndDrop/drag_and_drop.spec.ts:5:8

    Error: locator.click: Test timeout of 30000ms exceeded.
    Call log:
      - waiting for getByRole('button', { name: '+ Add Column' })


       7 |     // Ensure we have at least 2 columns
       8 |     while (await page.locator('.kanban-column').count() < 2) {
    >  9 |       await page.getByRole('button', { name: '+ Add Column' }).click();
         |                                                                ^
      10 |       await page.getByPlaceholder(/column title/i).fill('Col ' + Date.now());
      11 |       await page.getByRole('button', { name: 'Add Column', exact: true }).click();
      12 |     }
        at /home/kavia/workspace/code-generation/playwright-test-suite-for-application-automation-286725/tests/kanban/DragAndDrop/drag_and_drop.spec.ts:9:64

    Error Context: ../test-results/kanban-DragAndDrop-drag_an-d236f-r-tasks-within-column-TC-13-chromium-retry1/error-context.md

    attachment #2: trace (application/zip) ─────────────────────────────────────────────────────────
    ../test-results/kanban-DragAndDrop-drag_an-d236f-r-tasks-within-column-TC-13-chromium-retry1/trace.zip
    Usage:

        npx playwright show-trace ../test-results/kanban-DragAndDrop-drag_an-d236f-r-tasks-within-column-TC-13-chromium-retry1/trace.zip

    ────────────────────────────────────────────────────────────────────────────────────────────────

    Retry #2 ───────────────────────────────────────────────────────────────────────────────────────

    Test timeout of 30000ms exceeded while running "beforeEach" hook.

      3 | test.describe('Drag & Drop @DragAndDrop', () => {
      4 |
    > 5 |   test.beforeEach(async ({ page }) => {
        |        ^
      6 |     await page.goto('/product');
      7 |     // Ensure we have at least 2 columns
      8 |     while (await page.locator('.kanban-column').count() < 2) {
        at /home/kavia/workspace/code-generation/playwright-test-suite-for-application-automation-286725/tests/kanban/DragAndDrop/drag_and_drop.spec.ts:5:8

    Error: locator.click: Test timeout of 30000ms exceeded.
    Call log:
      - waiting for getByRole('button', { name: '+ Add Column' })


       7 |     // Ensure we have at least 2 columns
       8 |     while (await page.locator('.kanban-column').count() < 2) {
    >  9 |       await page.getByRole('button', { name: '+ Add Column' }).click();
         |                                                                ^
      10 |       await page.getByPlaceholder(/column title/i).fill('Col ' + Date.now());
      11 |       await page.getByRole('button', { name: 'Add Column', exact: true }).click();
      12 |     }
        at /home/kavia/workspace/code-generation/playwright-test-suite-for-application-automation-286725/tests/kanban/DragAndDrop/drag_and_drop.spec.ts:9:64

    Error Context: ../test-results/kanban-DragAndDrop-drag_an-d236f-r-tasks-within-column-TC-13-chromium-retry2/error-context.md
]]>
</failure>
<system-err>
<![CDATA[Skipping host requirements validation logic because `PLAYWRIGHT_SKIP_VALIDATE_HOST_REQUIREMENTS` env variable is set.

Warning: attachment kanban-DragAndDrop-drag_an-d236f-r-tasks-within-column-TC-13-chromium/error-context.md is missingSkipping host requirements validation logic because `PLAYWRIGHT_SKIP_VALIDATE_HOST_REQUIREMENTS` env variable is set.

Warning: attachment kanban-DragAndDrop-drag_an-d236f-r-tasks-within-column-TC-13-chromium-retry1/error-context.md is missing
Warning: attachment kanban-DragAndDrop-drag_an-d236f-r-tasks-within-column-TC-13-chromium-retry1/trace.zip is missingSkipping host requirements validation logic because `PLAYWRIGHT_SKIP_VALIDATE_HOST_REQUIREMENTS` env variable is set.

Warning: attachment kanban-DragAndDrop-drag_an-d236f-r-tasks-within-column-TC-13-chromium-retry2/error-context.md is missing]]>
</system-err>
</testcase>
<testcase name="Drag &amp; Drop @DragAndDrop › TC-14: Drop task outside valid area @TC-14" classname="kanban/DragAndDrop/drag_and_drop.spec.ts" time="90.102">
<failure message="drag_and_drop.spec.ts:92:7 TC-14: Drop task outside valid area @TC-14" type="FAILURE">
<![CDATA[  [chromium] › kanban/DragAndDrop/drag_and_drop.spec.ts:92:7 › Drag & Drop @DragAndDrop › TC-14: Drop task outside valid area @TC-14 

    Test timeout of 30000ms exceeded while running "beforeEach" hook.

      3 | test.describe('Drag & Drop @DragAndDrop', () => {
      4 |
    > 5 |   test.beforeEach(async ({ page }) => {
        |        ^
      6 |     await page.goto('/product');
      7 |     // Ensure we have at least 2 columns
      8 |     while (await page.locator('.kanban-column').count() < 2) {
        at /home/kavia/workspace/code-generation/playwright-test-suite-for-application-automation-286725/tests/kanban/DragAndDrop/drag_and_drop.spec.ts:5:8

    Error: locator.click: Test timeout of 30000ms exceeded.
    Call log:
      - waiting for getByRole('button', { name: '+ Add Column' })


       7 |     // Ensure we have at least 2 columns
       8 |     while (await page.locator('.kanban-column').count() < 2) {
    >  9 |       await page.getByRole('button', { name: '+ Add Column' }).click();
         |                                                                ^
      10 |       await page.getByPlaceholder(/column title/i).fill('Col ' + Date.now());
      11 |       await page.getByRole('button', { name: 'Add Column', exact: true }).click();
      12 |     }
        at /home/kavia/workspace/code-generation/playwright-test-suite-for-application-automation-286725/tests/kanban/DragAndDrop/drag_and_drop.spec.ts:9:64

    Error Context: ../test-results/kanban-DragAndDrop-drag_an-1059d-sk-outside-valid-area-TC-14-chromium/error-context.md

    Retry #1 ───────────────────────────────────────────────────────────────────────────────────────

    Test timeout of 30000ms exceeded while running "beforeEach" hook.

      3 | test.describe('Drag & Drop @DragAndDrop', () => {
      4 |
    > 5 |   test.beforeEach(async ({ page }) => {
        |        ^
      6 |     await page.goto('/product');
      7 |     // Ensure we have at least 2 columns
      8 |     while (await page.locator('.kanban-column').count() < 2) {
        at /home/kavia/workspace/code-generation/playwright-test-suite-for-application-automation-286725/tests/kanban/DragAndDrop/drag_and_drop.spec.ts:5:8

    Error: locator.click: Test timeout of 30000ms exceeded.
    Call log:
      - waiting for getByRole('button', { name: '+ Add Column' })


       7 |     // Ensure we have at least 2 columns
       8 |     while (await page.locator('.kanban-column').count() < 2) {
    >  9 |       await page.getByRole('button', { name: '+ Add Column' }).click();
         |                                                                ^
      10 |       await page.getByPlaceholder(/column title/i).fill('Col ' + Date.now());
      11 |       await page.getByRole('button', { name: 'Add Column', exact: true }).click();
      12 |     }
        at /home/kavia/workspace/code-generation/playwright-test-suite-for-application-automation-286725/tests/kanban/DragAndDrop/drag_and_drop.spec.ts:9:64

    Error Context: ../test-results/kanban-DragAndDrop-drag_an-1059d-sk-outside-valid-area-TC-14-chromium-retry1/error-context.md

    attachment #2: trace (application/zip) ─────────────────────────────────────────────────────────
    ../test-results/kanban-DragAndDrop-drag_an-1059d-sk-outside-valid-area-TC-14-chromium-retry1/trace.zip
    Usage:

        npx playwright show-trace ../test-results/kanban-DragAndDrop-drag_an-1059d-sk-outside-valid-area-TC-14-chromium-retry1/trace.zip

    ────────────────────────────────────────────────────────────────────────────────────────────────

    Retry #2 ───────────────────────────────────────────────────────────────────────────────────────

    Test timeout of 30000ms exceeded while running "beforeEach" hook.

      3 | test.describe('Drag & Drop @DragAndDrop', () => {
      4 |
    > 5 |   test.beforeEach(async ({ page }) => {
        |        ^
      6 |     await page.goto('/product');
      7 |     // Ensure we have at least 2 columns
      8 |     while (await page.locator('.kanban-column').count() < 2) {
        at /home/kavia/workspace/code-generation/playwright-test-suite-for-application-automation-286725/tests/kanban/DragAndDrop/drag_and_drop.spec.ts:5:8

    Error: locator.click: Test timeout of 30000ms exceeded.
    Call log:
      - waiting for getByRole('button', { name: '+ Add Column' })


       7 |     // Ensure we have at least 2 columns
       8 |     while (await page.locator('.kanban-column').count() < 2) {
    >  9 |       await page.getByRole('button', { name: '+ Add Column' }).click();
         |                                                                ^
      10 |       await page.getByPlaceholder(/column title/i).fill('Col ' + Date.now());
      11 |       await page.getByRole('button', { name: 'Add Column', exact: true }).click();
      12 |     }
        at /home/kavia/workspace/code-generation/playwright-test-suite-for-application-automation-286725/tests/kanban/DragAndDrop/drag_and_drop.spec.ts:9:64

    Error Context: ../test-results/kanban-DragAndDrop-drag_an-1059d-sk-outside-valid-area-TC-14-chromium-retry2/error-context.md
]]>
</failure>
<system-err>
<![CDATA[Skipping host requirements validation logic because `PLAYWRIGHT_SKIP_VALIDATE_HOST_REQUIREMENTS` env variable is set.

Warning: attachment kanban-DragAndDrop-drag_an-1059d-sk-outside-valid-area-TC-14-chromium/error-context.md is missingSkipping host requirements validation logic because `PLAYWRIGHT_SKIP_VALIDATE_HOST_REQUIREMENTS` env variable is set.

Warning: attachment kanban-DragAndDrop-drag_an-1059d-sk-outside-valid-area-TC-14-chromium-retry1/error-context.md is missing
Warning: attachment kanban-DragAndDrop-drag_an-1059d-sk-outside-valid-area-TC-14-chromium-retry1/trace.zip is missingSkipping host requirements validation logic because `PLAYWRIGHT_SKIP_VALIDATE_HOST_REQUIREMENTS` env variable is set.

Warning: attachment kanban-DragAndDrop-drag_an-1059d-sk-outside-valid-area-TC-14-chromium-retry2/error-context.md is missing]]>
</system-err>
</testcase>
</testsuite>
<testsuite name="kanban/Performance/performance.spec.ts" timestamp="2025-12-08T17:42:01.593Z" hostname="chromium" tests="2" failures="1" skipped="0" time="90.132" errors="0">
<testcase name="Performance @Performance › TC-19: Rapid task creation @TC-19" classname="kanban/Performance/performance.spec.ts" time="90.083">
<failure message="performance.spec.ts:5:7 TC-19: Rapid task creation @TC-19" type="FAILURE">
<![CDATA[  [chromium] › kanban/Performance/performance.spec.ts:5:7 › Performance @Performance › TC-19: Rapid task creation @TC-19 

    Test timeout of 30000ms exceeded.

    Error: locator.click: Test timeout of 30000ms exceeded.
    Call log:
      - waiting for getByRole('button', { name: '+ Add Column' })


       8 |     const col = page.locator('.kanban-column').first();
       9 |     if (await col.count() === 0) {
    > 10 |       await page.getByRole('button', { name: '+ Add Column' }).click();
         |                                                                ^
      11 |       await page.getByPlaceholder(/column title/i).fill('Perf');
      12 |       await page.getByRole('button', { name: 'Add Column', exact: true }).click();
      13 |     }
        at /home/kavia/workspace/code-generation/playwright-test-suite-for-application-automation-286725/tests/kanban/Performance/performance.spec.ts:10:64

    Error Context: ../test-results/kanban-Performance-perform-47f0b-9-Rapid-task-creation-TC-19-chromium/error-context.md

    Retry #1 ───────────────────────────────────────────────────────────────────────────────────────

    Test timeout of 30000ms exceeded.

    Error: locator.click: Test timeout of 30000ms exceeded.
    Call log:
      - waiting for getByRole('button', { name: '+ Add Column' })


       8 |     const col = page.locator('.kanban-column').first();
       9 |     if (await col.count() === 0) {
    > 10 |       await page.getByRole('button', { name: '+ Add Column' }).click();
         |                                                                ^
      11 |       await page.getByPlaceholder(/column title/i).fill('Perf');
      12 |       await page.getByRole('button', { name: 'Add Column', exact: true }).click();
      13 |     }
        at /home/kavia/workspace/code-generation/playwright-test-suite-for-application-automation-286725/tests/kanban/Performance/performance.spec.ts:10:64

    Error Context: ../test-results/kanban-Performance-perform-47f0b-9-Rapid-task-creation-TC-19-chromium-retry1/error-context.md

    attachment #2: trace (application/zip) ─────────────────────────────────────────────────────────
    ../test-results/kanban-Performance-perform-47f0b-9-Rapid-task-creation-TC-19-chromium-retry1/trace.zip
    Usage:

        npx playwright show-trace ../test-results/kanban-Performance-perform-47f0b-9-Rapid-task-creation-TC-19-chromium-retry1/trace.zip

    ────────────────────────────────────────────────────────────────────────────────────────────────

    Retry #2 ───────────────────────────────────────────────────────────────────────────────────────

    Test timeout of 30000ms exceeded.

    Error: locator.click: Test timeout of 30000ms exceeded.
    Call log:
      - waiting for getByRole('button', { name: '+ Add Column' })


       8 |     const col = page.locator('.kanban-column').first();
       9 |     if (await col.count() === 0) {
    > 10 |       await page.getByRole('button', { name: '+ Add Column' }).click();
         |                                                                ^
      11 |       await page.getByPlaceholder(/column title/i).fill('Perf');
      12 |       await page.getByRole('button', { name: 'Add Column', exact: true }).click();
      13 |     }
        at /home/kavia/workspace/code-generation/playwright-test-suite-for-application-automation-286725/tests/kanban/Performance/performance.spec.ts:10:64

    Error Context: ../test-results/kanban-Performance-perform-47f0b-9-Rapid-task-creation-TC-19-chromium-retry2/error-context.md
]]>
</failure>
<system-err>
<![CDATA[Skipping host requirements validation logic because `PLAYWRIGHT_SKIP_VALIDATE_HOST_REQUIREMENTS` env variable is set.

Warning: attachment kanban-Performance-perform-47f0b-9-Rapid-task-creation-TC-19-chromium/error-context.md is missingSkipping host requirements validation logic because `PLAYWRIGHT_SKIP_VALIDATE_HOST_REQUIREMENTS` env variable is set.

Warning: attachment kanban-Performance-perform-47f0b-9-Rapid-task-creation-TC-19-chromium-retry1/error-context.md is missing
Warning: attachment kanban-Performance-perform-47f0b-9-Rapid-task-creation-TC-19-chromium-retry1/trace.zip is missingSkipping host requirements validation logic because `PLAYWRIGHT_SKIP_VALIDATE_HOST_REQUIREMENTS` env variable is set.

Warning: attachment kanban-Performance-perform-47f0b-9-Rapid-task-creation-TC-19-chromium-retry2/error-context.md is missing]]>
</system-err>
</testcase>
<testcase name="Performance @Performance › TC-20: Clear Board / Reset @TC-20" classname="kanban/Performance/performance.spec.ts" time="0.049">
<system-err>
<![CDATA[Skipping host requirements validation logic because `PLAYWRIGHT_SKIP_VALIDATE_HOST_REQUIREMENTS` env variable is set.
]]>
</system-err>
</testcase>
</testsuite>
<testsuite name="kanban/SearchFilter/search_filter.spec.ts" timestamp="2025-12-08T17:42:01.593Z" hostname="chromium" tests="1" failures="1" skipped="0" time="90.086" errors="0">
<testcase name="Search/Filter @SearchFilter › TC-18: Filter tasks using FilterPanel @TC-18" classname="kanban/SearchFilter/search_filter.spec.ts" time="90.086">
<failure message="search_filter.spec.ts:24:7 TC-18: Filter tasks using FilterPanel @TC-18" type="FAILURE">
<![CDATA[  [chromium] › kanban/SearchFilter/search_filter.spec.ts:24:7 › Search/Filter @SearchFilter › TC-18: Filter tasks using FilterPanel @TC-18 › Setup: Create test columns and tasks with different statuses 

    Test timeout of 30000ms exceeded.

    Error: locator.click: Test timeout of 30000ms exceeded.
    Call log:
      - waiting for locator('.kanban-column').first().getByRole('button', { name: /add card/i })


      60 |       // Create Task 1 in Column 1 with "In Progress" status
      61 |       const addCardBtn1 = col1.getByRole('button', { name: /add card/i });
    > 62 |       await addCardBtn1.click();
         |                         ^
      63 |       await col1.locator('input[name="feature"]').fill(`Task-InProgress-${timestamp}`);
      64 |       
      65 |       // Set status to "In Progress" in the add card form
        at /home/kavia/workspace/code-generation/playwright-test-suite-for-application-automation-286725/tests/kanban/SearchFilter/search_filter.spec.ts:62:25
        at /home/kavia/workspace/code-generation/playwright-test-suite-for-application-automation-286725/tests/kanban/SearchFilter/search_filter.spec.ts:32:5

    Error Context: ../test-results/kanban-SearchFilter-search-876e8-sks-using-FilterPanel-TC-18-chromium/error-context.md

    Retry #1 ───────────────────────────────────────────────────────────────────────────────────────

    Test timeout of 30000ms exceeded.

    Error: locator.click: Test timeout of 30000ms exceeded.
    Call log:
      - waiting for locator('.kanban-column').first().getByRole('button', { name: /add card/i })


      60 |       // Create Task 1 in Column 1 with "In Progress" status
      61 |       const addCardBtn1 = col1.getByRole('button', { name: /add card/i });
    > 62 |       await addCardBtn1.click();
         |                         ^
      63 |       await col1.locator('input[name="feature"]').fill(`Task-InProgress-${timestamp}`);
      64 |       
      65 |       // Set status to "In Progress" in the add card form
        at /home/kavia/workspace/code-generation/playwright-test-suite-for-application-automation-286725/tests/kanban/SearchFilter/search_filter.spec.ts:62:25
        at /home/kavia/workspace/code-generation/playwright-test-suite-for-application-automation-286725/tests/kanban/SearchFilter/search_filter.spec.ts:32:5

    Error Context: ../test-results/kanban-SearchFilter-search-876e8-sks-using-FilterPanel-TC-18-chromium-retry1/error-context.md

    attachment #2: trace (application/zip) ─────────────────────────────────────────────────────────
    ../test-results/kanban-SearchFilter-search-876e8-sks-using-FilterPanel-TC-18-chromium-retry1/trace.zip
    Usage:

        npx playwright show-trace ../test-results/kanban-SearchFilter-search-876e8-sks-using-FilterPanel-TC-18-chromium-retry1/trace.zip

    ────────────────────────────────────────────────────────────────────────────────────────────────

    Retry #2 ───────────────────────────────────────────────────────────────────────────────────────

    Test timeout of 30000ms exceeded.

    Error: locator.click: Test timeout of 30000ms exceeded.
    Call log:
      - waiting for locator('.kanban-column').first().getByRole('button', { name: /add card/i })


      60 |       // Create Task 1 in Column 1 with "In Progress" status
      61 |       const addCardBtn1 = col1.getByRole('button', { name: /add card/i });
    > 62 |       await addCardBtn1.click();
         |                         ^
      63 |       await col1.locator('input[name="feature"]').fill(`Task-InProgress-${timestamp}`);
      64 |       
      65 |       // Set status to "In Progress" in the add card form
        at /home/kavia/workspace/code-generation/playwright-test-suite-for-application-automation-286725/tests/kanban/SearchFilter/search_filter.spec.ts:62:25
        at /home/kavia/workspace/code-generation/playwright-test-suite-for-application-automation-286725/tests/kanban/SearchFilter/search_filter.spec.ts:32:5

    Error Context: ../test-results/kanban-SearchFilter-search-876e8-sks-using-FilterPanel-TC-18-chromium-retry2/error-context.md
]]>
</failure>
<system-err>
<![CDATA[
Warning: attachment kanban-SearchFilter-search-876e8-sks-using-FilterPanel-TC-18-chromium/error-context.md is missingSkipping host requirements validation logic because `PLAYWRIGHT_SKIP_VALIDATE_HOST_REQUIREMENTS` env variable is set.

Warning: attachment kanban-SearchFilter-search-876e8-sks-using-FilterPanel-TC-18-chromium-retry1/error-context.md is missing
Warning: attachment kanban-SearchFilter-search-876e8-sks-using-FilterPanel-TC-18-chromium-retry1/trace.zip is missingSkipping host requirements validation logic because `PLAYWRIGHT_SKIP_VALIDATE_HOST_REQUIREMENTS` env variable is set.

Warning: attachment kanban-SearchFilter-search-876e8-sks-using-FilterPanel-TC-18-chromium-retry2/error-context.md is missing]]>
</system-err>
</testcase>
</testsuite>
<testsuite name="kanban/System/system.spec.ts" timestamp="2025-12-08T17:42:01.593Z" hostname="chromium" tests="1" failures="1" skipped="0" time="16.883" errors="0">
<testcase name="System @System › TC-20: Clear Board / Reset @TC-20" classname="kanban/System/system.spec.ts" time="16.883">
<failure message="system.spec.ts:5:7 TC-20: Clear Board / Reset @TC-20" type="FAILURE">
<![CDATA[  [chromium] › kanban/System/system.spec.ts:5:7 › System @System › TC-20: Clear Board / Reset @TC-20 › 1. Verify Clear Board button exists 

    Error: expect(locator).toBeVisible() failed

    Locator: getByTestId('clear-board-btn')
    Expected: visible
    Timeout: 5000ms
    Error: element(s) not found

    Call log:
      - Expect "toBeVisible" with timeout 5000ms
      - waiting for getByTestId('clear-board-btn')


      11 |     await test.step('1. Verify Clear Board button exists', async () => {
      12 |       const clearBtn = page.getByTestId('clear-board-btn');
    > 13 |       await expect(clearBtn).toBeVisible();
         |                              ^
      14 |     });
      15 |
      16 |     await test.step('2. Click Clear Board and verify confirmation modal', async () => {
        at /home/kavia/workspace/code-generation/playwright-test-suite-for-application-automation-286725/tests/kanban/System/system.spec.ts:13:30
        at /home/kavia/workspace/code-generation/playwright-test-suite-for-application-automation-286725/tests/kanban/System/system.spec.ts:11:16

    Error Context: ../test-results/kanban-System-system-Syste-5873e--20-Clear-Board-Reset-TC-20-chromium/error-context.md

    Retry #1 ───────────────────────────────────────────────────────────────────────────────────────

    Error: expect(locator).toBeVisible() failed

    Locator: getByTestId('clear-board-btn')
    Expected: visible
    Timeout: 5000ms
    Error: element(s) not found

    Call log:
      - Expect "toBeVisible" with timeout 5000ms
      - waiting for getByTestId('clear-board-btn')


      11 |     await test.step('1. Verify Clear Board button exists', async () => {
      12 |       const clearBtn = page.getByTestId('clear-board-btn');
    > 13 |       await expect(clearBtn).toBeVisible();
         |                              ^
      14 |     });
      15 |
      16 |     await test.step('2. Click Clear Board and verify confirmation modal', async () => {
        at /home/kavia/workspace/code-generation/playwright-test-suite-for-application-automation-286725/tests/kanban/System/system.spec.ts:13:30
        at /home/kavia/workspace/code-generation/playwright-test-suite-for-application-automation-286725/tests/kanban/System/system.spec.ts:11:16

    Error Context: ../test-results/kanban-System-system-Syste-5873e--20-Clear-Board-Reset-TC-20-chromium-retry1/error-context.md

    attachment #2: trace (application/zip) ─────────────────────────────────────────────────────────
    ../test-results/kanban-System-system-Syste-5873e--20-Clear-Board-Reset-TC-20-chromium-retry1/trace.zip
    Usage:

        npx playwright show-trace ../test-results/kanban-System-system-Syste-5873e--20-Clear-Board-Reset-TC-20-chromium-retry1/trace.zip

    ────────────────────────────────────────────────────────────────────────────────────────────────

    Retry #2 ───────────────────────────────────────────────────────────────────────────────────────

    Error: expect(locator).toBeVisible() failed

    Locator: getByTestId('clear-board-btn')
    Expected: visible
    Timeout: 5000ms
    Error: element(s) not found

    Call log:
      - Expect "toBeVisible" with timeout 5000ms
      - waiting for getByTestId('clear-board-btn')


      11 |     await test.step('1. Verify Clear Board button exists', async () => {
      12 |       const clearBtn = page.getByTestId('clear-board-btn');
    > 13 |       await expect(clearBtn).toBeVisible();
         |                              ^
      14 |     });
      15 |
      16 |     await test.step('2. Click Clear Board and verify confirmation modal', async () => {
        at /home/kavia/workspace/code-generation/playwright-test-suite-for-application-automation-286725/tests/kanban/System/system.spec.ts:13:30
        at /home/kavia/workspace/code-generation/playwright-test-suite-for-application-automation-286725/tests/kanban/System/system.spec.ts:11:16

    Error Context: ../test-results/kanban-System-system-Syste-5873e--20-Clear-Board-Reset-TC-20-chromium-retry2/error-context.md
]]>
</failure>
<system-err>
<![CDATA[Skipping host requirements validation logic because `PLAYWRIGHT_SKIP_VALIDATE_HOST_REQUIREMENTS` env variable is set.

Warning: attachment kanban-System-system-Syste-5873e--20-Clear-Board-Reset-TC-20-chromium/error-context.md is missingSkipping host requirements validation logic because `PLAYWRIGHT_SKIP_VALIDATE_HOST_REQUIREMENTS` env variable is set.

Warning: attachment kanban-System-system-Syste-5873e--20-Clear-Board-Reset-TC-20-chromium-retry1/error-context.md is missing
Warning: attachment kanban-System-system-Syste-5873e--20-Clear-Board-Reset-TC-20-chromium-retry1/trace.zip is missingSkipping host requirements validation logic because `PLAYWRIGHT_SKIP_VALIDATE_HOST_REQUIREMENTS` env variable is set.

Warning: attachment kanban-System-system-Syste-5873e--20-Clear-Board-Reset-TC-20-chromium-retry2/error-context.md is missing]]>
</system-err>
</testcase>
</testsuite>
<testsuite name="kanban/Tasks/tasks.spec.ts" timestamp="2025-12-08T17:42:01.593Z" hostname="chromium" tests="5" failures="5" skipped="0" time="450.486" errors="0">
<testcase name="Tasks @Tasks › TC-06: Create a new task @TC-06" classname="kanban/Tasks/tasks.spec.ts" time="90.093">
<failure message="tasks.spec.ts:17:7 TC-06: Create a new task @TC-06" type="FAILURE">
<![CDATA[  [chromium] › kanban/Tasks/tasks.spec.ts:17:7 › Tasks @Tasks › TC-06: Create a new task @TC-06 ────

    Test timeout of 30000ms exceeded while running "beforeEach" hook.

      3 | test.describe('Tasks @Tasks', () => {
      4 |
    > 5 |   test.beforeEach(async ({ page }) => {
        |        ^
      6 |     await page.goto('/product');
      7 |     // Reset filters to ensure new tasks are visible
      8 |     await page.getByRole('button', { name: /reset all filters/i }).click().catch(() => {});
        at /home/kavia/workspace/code-generation/playwright-test-suite-for-application-automation-286725/tests/kanban/Tasks/tasks.spec.ts:5:8

    Error: locator.count: Target page, context or browser has been closed

       8 |     await page.getByRole('button', { name: /reset all filters/i }).click().catch(() => {});
       9 |     // Ensure at least one column exists
    > 10 |     if (await page.locator('.kanban-column').count() === 0) {
         |                                              ^
      11 |       await page.getByRole('button', { name: '+ Add Column' }).click();
      12 |       await page.getByPlaceholder(/column title/i).fill('To Do');
      13 |       await page.getByRole('button', { name: 'Add Column', exact: true }).click();
        at /home/kavia/workspace/code-generation/playwright-test-suite-for-application-automation-286725/tests/kanban/Tasks/tasks.spec.ts:10:46

    Error Context: ../test-results/kanban-Tasks-tasks-Tasks-Tasks-TC-06-Create-a-new-task-TC-06-chromium/error-context.md

    Retry #1 ───────────────────────────────────────────────────────────────────────────────────────

    Test timeout of 30000ms exceeded while running "beforeEach" hook.

      3 | test.describe('Tasks @Tasks', () => {
      4 |
    > 5 |   test.beforeEach(async ({ page }) => {
        |        ^
      6 |     await page.goto('/product');
      7 |     // Reset filters to ensure new tasks are visible
      8 |     await page.getByRole('button', { name: /reset all filters/i }).click().catch(() => {});
        at /home/kavia/workspace/code-generation/playwright-test-suite-for-application-automation-286725/tests/kanban/Tasks/tasks.spec.ts:5:8

    Error: locator.count: Target page, context or browser has been closed

       8 |     await page.getByRole('button', { name: /reset all filters/i }).click().catch(() => {});
       9 |     // Ensure at least one column exists
    > 10 |     if (await page.locator('.kanban-column').count() === 0) {
         |                                              ^
      11 |       await page.getByRole('button', { name: '+ Add Column' }).click();
      12 |       await page.getByPlaceholder(/column title/i).fill('To Do');
      13 |       await page.getByRole('button', { name: 'Add Column', exact: true }).click();
        at /home/kavia/workspace/code-generation/playwright-test-suite-for-application-automation-286725/tests/kanban/Tasks/tasks.spec.ts:10:46

    Error Context: ../test-results/kanban-Tasks-tasks-Tasks-Tasks-TC-06-Create-a-new-task-TC-06-chromium-retry1/error-context.md

    attachment #2: trace (application/zip) ─────────────────────────────────────────────────────────
    ../test-results/kanban-Tasks-tasks-Tasks-Tasks-TC-06-Create-a-new-task-TC-06-chromium-retry1/trace.zip
    Usage:

        npx playwright show-trace ../test-results/kanban-Tasks-tasks-Tasks-Tasks-TC-06-Create-a-new-task-TC-06-chromium-retry1/trace.zip

    ────────────────────────────────────────────────────────────────────────────────────────────────

    Retry #2 ───────────────────────────────────────────────────────────────────────────────────────

    Test timeout of 30000ms exceeded while running "beforeEach" hook.

      3 | test.describe('Tasks @Tasks', () => {
      4 |
    > 5 |   test.beforeEach(async ({ page }) => {
        |        ^
      6 |     await page.goto('/product');
      7 |     // Reset filters to ensure new tasks are visible
      8 |     await page.getByRole('button', { name: /reset all filters/i }).click().catch(() => {});
        at /home/kavia/workspace/code-generation/playwright-test-suite-for-application-automation-286725/tests/kanban/Tasks/tasks.spec.ts:5:8

    Error: locator.count: Target page, context or browser has been closed

       8 |     await page.getByRole('button', { name: /reset all filters/i }).click().catch(() => {});
       9 |     // Ensure at least one column exists
    > 10 |     if (await page.locator('.kanban-column').count() === 0) {
         |                                              ^
      11 |       await page.getByRole('button', { name: '+ Add Column' }).click();
      12 |       await page.getByPlaceholder(/column title/i).fill('To Do');
      13 |       await page.getByRole('button', { name: 'Add Column', exact: true }).click();
        at /home/kavia/workspace/code-generation/playwright-test-suite-for-application-automation-286725/tests/kanban/Tasks/tasks.spec.ts:10:46

    Error Context: ../test-results/kanban-Tasks-tasks-Tasks-Tasks-TC-06-Create-a-new-task-TC-06-chromium-retry2/error-context.md
]]>
</failure>
<system-err>
<![CDATA[Skipping host requirements validation logic because `PLAYWRIGHT_SKIP_VALIDATE_HOST_REQUIREMENTS` env variable is set.

Warning: attachment kanban-Tasks-tasks-Tasks-Tasks-TC-06-Create-a-new-task-TC-06-chromium/error-context.md is missingSkipping host requirements validation logic because `PLAYWRIGHT_SKIP_VALIDATE_HOST_REQUIREMENTS` env variable is set.

Warning: attachment kanban-Tasks-tasks-Tasks-Tasks-TC-06-Create-a-new-task-TC-06-chromium-retry1/error-context.md is missing
Warning: attachment kanban-Tasks-tasks-Tasks-Tasks-TC-06-Create-a-new-task-TC-06-chromium-retry1/trace.zip is missingSkipping host requirements validation logic because `PLAYWRIGHT_SKIP_VALIDATE_HOST_REQUIREMENTS` env variable is set.

Warning: attachment kanban-Tasks-tasks-Tasks-Tasks-TC-06-Create-a-new-task-TC-06-chromium-retry2/error-context.md is missing]]>
</system-err>
</testcase>
<testcase name="Tasks @Tasks › TC-07: Add empty task @TC-07" classname="kanban/Tasks/tasks.spec.ts" time="90.095">
<failure message="tasks.spec.ts:43:7 TC-07: Add empty task @TC-07" type="FAILURE">
<![CDATA[  [chromium] › kanban/Tasks/tasks.spec.ts:43:7 › Tasks @Tasks › TC-07: Add empty task @TC-07 ───────

    Test timeout of 30000ms exceeded while running "beforeEach" hook.

      3 | test.describe('Tasks @Tasks', () => {
      4 |
    > 5 |   test.beforeEach(async ({ page }) => {
        |        ^
      6 |     await page.goto('/product');
      7 |     // Reset filters to ensure new tasks are visible
      8 |     await page.getByRole('button', { name: /reset all filters/i }).click().catch(() => {});
        at /home/kavia/workspace/code-generation/playwright-test-suite-for-application-automation-286725/tests/kanban/Tasks/tasks.spec.ts:5:8

    Error: locator.count: Target page, context or browser has been closed

       8 |     await page.getByRole('button', { name: /reset all filters/i }).click().catch(() => {});
       9 |     // Ensure at least one column exists
    > 10 |     if (await page.locator('.kanban-column').count() === 0) {
         |                                              ^
      11 |       await page.getByRole('button', { name: '+ Add Column' }).click();
      12 |       await page.getByPlaceholder(/column title/i).fill('To Do');
      13 |       await page.getByRole('button', { name: 'Add Column', exact: true }).click();
        at /home/kavia/workspace/code-generation/playwright-test-suite-for-application-automation-286725/tests/kanban/Tasks/tasks.spec.ts:10:46

    Error Context: ../test-results/kanban-Tasks-tasks-Tasks-Tasks-TC-07-Add-empty-task-TC-07-chromium/error-context.md

    Retry #1 ───────────────────────────────────────────────────────────────────────────────────────

    Test timeout of 30000ms exceeded while running "beforeEach" hook.

      3 | test.describe('Tasks @Tasks', () => {
      4 |
    > 5 |   test.beforeEach(async ({ page }) => {
        |        ^
      6 |     await page.goto('/product');
      7 |     // Reset filters to ensure new tasks are visible
      8 |     await page.getByRole('button', { name: /reset all filters/i }).click().catch(() => {});
        at /home/kavia/workspace/code-generation/playwright-test-suite-for-application-automation-286725/tests/kanban/Tasks/tasks.spec.ts:5:8

    Error: locator.count: Target page, context or browser has been closed

       8 |     await page.getByRole('button', { name: /reset all filters/i }).click().catch(() => {});
       9 |     // Ensure at least one column exists
    > 10 |     if (await page.locator('.kanban-column').count() === 0) {
         |                                              ^
      11 |       await page.getByRole('button', { name: '+ Add Column' }).click();
      12 |       await page.getByPlaceholder(/column title/i).fill('To Do');
      13 |       await page.getByRole('button', { name: 'Add Column', exact: true }).click();
        at /home/kavia/workspace/code-generation/playwright-test-suite-for-application-automation-286725/tests/kanban/Tasks/tasks.spec.ts:10:46

    Error Context: ../test-results/kanban-Tasks-tasks-Tasks-Tasks-TC-07-Add-empty-task-TC-07-chromium-retry1/error-context.md

    attachment #2: trace (application/zip) ─────────────────────────────────────────────────────────
    ../test-results/kanban-Tasks-tasks-Tasks-Tasks-TC-07-Add-empty-task-TC-07-chromium-retry1/trace.zip
    Usage:

        npx playwright show-trace ../test-results/kanban-Tasks-tasks-Tasks-Tasks-TC-07-Add-empty-task-TC-07-chromium-retry1/trace.zip

    ────────────────────────────────────────────────────────────────────────────────────────────────

    Retry #2 ───────────────────────────────────────────────────────────────────────────────────────

    Test timeout of 30000ms exceeded while running "beforeEach" hook.

      3 | test.describe('Tasks @Tasks', () => {
      4 |
    > 5 |   test.beforeEach(async ({ page }) => {
        |        ^
      6 |     await page.goto('/product');
      7 |     // Reset filters to ensure new tasks are visible
      8 |     await page.getByRole('button', { name: /reset all filters/i }).click().catch(() => {});
        at /home/kavia/workspace/code-generation/playwright-test-suite-for-application-automation-286725/tests/kanban/Tasks/tasks.spec.ts:5:8

    Error: locator.count: Target page, context or browser has been closed

       8 |     await page.getByRole('button', { name: /reset all filters/i }).click().catch(() => {});
       9 |     // Ensure at least one column exists
    > 10 |     if (await page.locator('.kanban-column').count() === 0) {
         |                                              ^
      11 |       await page.getByRole('button', { name: '+ Add Column' }).click();
      12 |       await page.getByPlaceholder(/column title/i).fill('To Do');
      13 |       await page.getByRole('button', { name: 'Add Column', exact: true }).click();
        at /home/kavia/workspace/code-generation/playwright-test-suite-for-application-automation-286725/tests/kanban/Tasks/tasks.spec.ts:10:46

    Error Context: ../test-results/kanban-Tasks-tasks-Tasks-Tasks-TC-07-Add-empty-task-TC-07-chromium-retry2/error-context.md
]]>
</failure>
<system-err>
<![CDATA[Skipping host requirements validation logic because `PLAYWRIGHT_SKIP_VALIDATE_HOST_REQUIREMENTS` env variable is set.

Warning: attachment kanban-Tasks-tasks-Tasks-Tasks-TC-07-Add-empty-task-TC-07-chromium/error-context.md is missingSkipping host requirements validation logic because `PLAYWRIGHT_SKIP_VALIDATE_HOST_REQUIREMENTS` env variable is set.

Warning: attachment kanban-Tasks-tasks-Tasks-Tasks-TC-07-Add-empty-task-TC-07-chromium-retry1/error-context.md is missing
Warning: attachment kanban-Tasks-tasks-Tasks-Tasks-TC-07-Add-empty-task-TC-07-chromium-retry1/trace.zip is missingSkipping host requirements validation logic because `PLAYWRIGHT_SKIP_VALIDATE_HOST_REQUIREMENTS` env variable is set.

Warning: attachment kanban-Tasks-tasks-Tasks-Tasks-TC-07-Add-empty-task-TC-07-chromium-retry2/error-context.md is missing]]>
</system-err>
</testcase>
[...]
    > 10 |     if (await page.locator('.kanban-column').count() === 0) {
         |                                              ^
      11 |       await page.getByRole('button', { name: '+ Add Column' }).click();
      12 |       await page.getByPlaceholder(/column title/i).fill('To Do');
      13 |       await page.getByRole('button', { name: 'Add Column', exact: true }).click();
        at /home/kavia/workspace/code-generation/playwright-test-suite-for-application-automation-286725/tests/kanban/Tasks/tasks.spec.ts:10:46

    Error Context: ../test-results/kanban-Tasks-tasks-Tasks-T-60d39-istence-after-refresh-TC-10-webkit-retry2/error-context.md
]]>
</failure>
<system-out>
<![CDATA[
[[ATTACHMENT|kanban-Tasks-tasks-Tasks-T-60d39-istence-after-refresh-TC-10-webkit/error-context.md]]

[[ATTACHMENT|kanban-Tasks-tasks-Tasks-T-60d39-istence-after-refresh-TC-10-webkit-retry1/error-context.md]]

[[ATTACHMENT|kanban-Tasks-tasks-Tasks-T-60d39-istence-after-refresh-TC-10-webkit-retry1/trace.zip]]

[[ATTACHMENT|kanban-Tasks-tasks-Tasks-T-60d39-istence-after-refresh-TC-10-webkit-retry2/error-context.md]]
]]>
</system-out>
<system-err>
<![CDATA[Skipping host requirements validation logic because `PLAYWRIGHT_SKIP_VALIDATE_HOST_REQUIREMENTS` env variable is set.
Skipping host requirements validation logic because `PLAYWRIGHT_SKIP_VALIDATE_HOST_REQUIREMENTS` env variable is set.
Skipping host requirements validation logic because `PLAYWRIGHT_SKIP_VALIDATE_HOST_REQUIREMENTS` env variable is set.
]]>
</system-err>
</testcase>
</testsuite>
<testsuite name="kanban/UI_UX/ui_ux.spec.ts" timestamp="2025-12-08T17:42:01.593Z" hostname="webkit" tests="3" failures="3" skipped="0" time="270.886" errors="0">
<testcase name="UI/UX @UI_UX › TC-15: Long task descriptions @TC-15" classname="kanban/UI_UX/ui_ux.spec.ts" time="90.296">
<failure message="ui_ux.spec.ts:15:7 TC-15: Long task descriptions @TC-15" type="FAILURE">
<![CDATA[  [webkit] › kanban/UI_UX/ui_ux.spec.ts:15:7 › UI/UX @UI_UX › TC-15: Long task descriptions @TC-15 ─

    Test timeout of 30000ms exceeded while running "beforeEach" hook.

      3 | test.describe('UI/UX @UI_UX', () => {
      4 |
    > 5 |   test.beforeEach(async ({ page }) => {
        |        ^
      6 |     await page.goto('/');
      7 |     // Ensure col exists
      8 |     if (await page.locator('.kanban-column').count() === 0) {
        at /home/kavia/workspace/code-generation/playwright-test-suite-for-application-automation-286725/tests/kanban/UI_UX/ui_ux.spec.ts:5:8

    Error: locator.click: Test timeout of 30000ms exceeded.
    Call log:
      - waiting for getByRole('button', { name: '+ Add Column' })


       7 |     // Ensure col exists
       8 |     if (await page.locator('.kanban-column').count() === 0) {
    >  9 |       await page.getByRole('button', { name: '+ Add Column' }).click();
         |                                                                ^
      10 |       await page.getByPlaceholder(/column title/i).fill('UI Test');
      11 |       await page.getByRole('button', { name: 'Add Column', exact: true }).click();
      12 |     }
        at /home/kavia/workspace/code-generation/playwright-test-suite-for-application-automation-286725/tests/kanban/UI_UX/ui_ux.spec.ts:9:64

    Error Context: ../test-results/kanban-UI_UX-ui_ux-UI-UX-U-b253c-ong-task-descriptions-TC-15-webkit/error-context.md

    Retry #1 ───────────────────────────────────────────────────────────────────────────────────────

    Test timeout of 30000ms exceeded while running "beforeEach" hook.

      3 | test.describe('UI/UX @UI_UX', () => {
      4 |
    > 5 |   test.beforeEach(async ({ page }) => {
        |        ^
      6 |     await page.goto('/');
      7 |     // Ensure col exists
      8 |     if (await page.locator('.kanban-column').count() === 0) {
        at /home/kavia/workspace/code-generation/playwright-test-suite-for-application-automation-286725/tests/kanban/UI_UX/ui_ux.spec.ts:5:8

    Error: locator.click: Test timeout of 30000ms exceeded.
    Call log:
      - waiting for getByRole('button', { name: '+ Add Column' })


       7 |     // Ensure col exists
       8 |     if (await page.locator('.kanban-column').count() === 0) {
    >  9 |       await page.getByRole('button', { name: '+ Add Column' }).click();
         |                                                                ^
      10 |       await page.getByPlaceholder(/column title/i).fill('UI Test');
      11 |       await page.getByRole('button', { name: 'Add Column', exact: true }).click();
      12 |     }
        at /home/kavia/workspace/code-generation/playwright-test-suite-for-application-automation-286725/tests/kanban/UI_UX/ui_ux.spec.ts:9:64

    Error Context: ../test-results/kanban-UI_UX-ui_ux-UI-UX-U-b253c-ong-task-descriptions-TC-15-webkit-retry1/error-context.md

    attachment #2: trace (application/zip) ─────────────────────────────────────────────────────────
    ../test-results/kanban-UI_UX-ui_ux-UI-UX-U-b253c-ong-task-descriptions-TC-15-webkit-retry1/trace.zip
    Usage:

        npx playwright show-trace ../test-results/kanban-UI_UX-ui_ux-UI-UX-U-b253c-ong-task-descriptions-TC-15-webkit-retry1/trace.zip

    ────────────────────────────────────────────────────────────────────────────────────────────────

    Retry #2 ───────────────────────────────────────────────────────────────────────────────────────

    Test timeout of 30000ms exceeded while running "beforeEach" hook.

      3 | test.describe('UI/UX @UI_UX', () => {
      4 |
    > 5 |   test.beforeEach(async ({ page }) => {
        |        ^
      6 |     await page.goto('/');
      7 |     // Ensure col exists
      8 |     if (await page.locator('.kanban-column').count() === 0) {
        at /home/kavia/workspace/code-generation/playwright-test-suite-for-application-automation-286725/tests/kanban/UI_UX/ui_ux.spec.ts:5:8

    Error: locator.click: Test timeout of 30000ms exceeded.
    Call log:
      - waiting for getByRole('button', { name: '+ Add Column' })


       7 |     // Ensure col exists
       8 |     if (await page.locator('.kanban-column').count() === 0) {
    >  9 |       await page.getByRole('button', { name: '+ Add Column' }).click();
         |                                                                ^
      10 |       await page.getByPlaceholder(/column title/i).fill('UI Test');
      11 |       await page.getByRole('button', { name: 'Add Column', exact: true }).click();
      12 |     }
        at /home/kavia/workspace/code-generation/playwright-test-suite-for-application-automation-286725/tests/kanban/UI_UX/ui_ux.spec.ts:9:64

    Error Context: ../test-results/kanban-UI_UX-ui_ux-UI-UX-U-b253c-ong-task-descriptions-TC-15-webkit-retry2/error-context.md
]]>
</failure>
<system-out>
<![CDATA[
[[ATTACHMENT|kanban-UI_UX-ui_ux-UI-UX-U-b253c-ong-task-descriptions-TC-15-webkit/error-context.md]]

[[ATTACHMENT|kanban-UI_UX-ui_ux-UI-UX-U-b253c-ong-task-descriptions-TC-15-webkit-retry1/error-context.md]]

[[ATTACHMENT|kanban-UI_UX-ui_ux-UI-UX-U-b253c-ong-task-descriptions-TC-15-webkit-retry1/trace.zip]]

[[ATTACHMENT|kanban-UI_UX-ui_ux-UI-UX-U-b253c-ong-task-descriptions-TC-15-webkit-retry2/error-context.md]]
]]>
</system-out>
<system-err>
<![CDATA[Skipping host requirements validation logic because `PLAYWRIGHT_SKIP_VALIDATE_HOST_REQUIREMENTS` env variable is set.
Skipping host requirements validation logic because `PLAYWRIGHT_SKIP_VALIDATE_HOST_REQUIREMENTS` env variable is set.
Skipping host requirements validation logic because `PLAYWRIGHT_SKIP_VALIDATE_HOST_REQUIREMENTS` env variable is set.
]]>
</system-err>
</testcase>
<testcase name="UI/UX @UI_UX › TC-16: Special characters in input @TC-16" classname="kanban/UI_UX/ui_ux.spec.ts" time="90.296">
<failure message="ui_ux.spec.ts:33:7 TC-16: Special characters in input @TC-16" type="FAILURE">
<![CDATA[  [webkit] › kanban/UI_UX/ui_ux.spec.ts:33:7 › UI/UX @UI_UX › TC-16: Special characters in input @TC-16 

    Test timeout of 30000ms exceeded while running "beforeEach" hook.

      3 | test.describe('UI/UX @UI_UX', () => {
      4 |
    > 5 |   test.beforeEach(async ({ page }) => {
        |        ^
      6 |     await page.goto('/');
      7 |     // Ensure col exists
      8 |     if (await page.locator('.kanban-column').count() === 0) {
        at /home/kavia/workspace/code-generation/playwright-test-suite-for-application-automation-286725/tests/kanban/UI_UX/ui_ux.spec.ts:5:8

    Error: locator.click: Test timeout of 30000ms exceeded.
    Call log:
      - waiting for getByRole('button', { name: '+ Add Column' })


       7 |     // Ensure col exists
       8 |     if (await page.locator('.kanban-column').count() === 0) {
    >  9 |       await page.getByRole('button', { name: '+ Add Column' }).click();
         |                                                                ^
      10 |       await page.getByPlaceholder(/column title/i).fill('UI Test');
      11 |       await page.getByRole('button', { name: 'Add Column', exact: true }).click();
      12 |     }
        at /home/kavia/workspace/code-generation/playwright-test-suite-for-application-automation-286725/tests/kanban/UI_UX/ui_ux.spec.ts:9:64

    Error Context: ../test-results/kanban-UI_UX-ui_ux-UI-UX-U-599b6-l-characters-in-input-TC-16-webkit/error-context.md

    Retry #1 ───────────────────────────────────────────────────────────────────────────────────────

    Test timeout of 30000ms exceeded while running "beforeEach" hook.

      3 | test.describe('UI/UX @UI_UX', () => {
      4 |
    > 5 |   test.beforeEach(async ({ page }) => {
        |        ^
      6 |     await page.goto('/');
      7 |     // Ensure col exists
      8 |     if (await page.locator('.kanban-column').count() === 0) {
        at /home/kavia/workspace/code-generation/playwright-test-suite-for-application-automation-286725/tests/kanban/UI_UX/ui_ux.spec.ts:5:8

    Error: locator.click: Test timeout of 30000ms exceeded.
    Call log:
      - waiting for getByRole('button', { name: '+ Add Column' })


       7 |     // Ensure col exists
       8 |     if (await page.locator('.kanban-column').count() === 0) {
    >  9 |       await page.getByRole('button', { name: '+ Add Column' }).click();
         |                                                                ^
      10 |       await page.getByPlaceholder(/column title/i).fill('UI Test');
      11 |       await page.getByRole('button', { name: 'Add Column', exact: true }).click();
      12 |     }
        at /home/kavia/workspace/code-generation/playwright-test-suite-for-application-automation-286725/tests/kanban/UI_UX/ui_ux.spec.ts:9:64

    Error Context: ../test-results/kanban-UI_UX-ui_ux-UI-UX-U-599b6-l-characters-in-input-TC-16-webkit-retry1/error-context.md

    attachment #2: trace (application/zip) ─────────────────────────────────────────────────────────
    ../test-results/kanban-UI_UX-ui_ux-UI-UX-U-599b6-l-characters-in-input-TC-16-webkit-retry1/trace.zip
    Usage:

        npx playwright show-trace ../test-results/kanban-UI_UX-ui_ux-UI-UX-U-599b6-l-characters-in-input-TC-16-webkit-retry1/trace.zip

    ────────────────────────────────────────────────────────────────────────────────────────────────

    Retry #2 ───────────────────────────────────────────────────────────────────────────────────────

    Test timeout of 30000ms exceeded while running "beforeEach" hook.

      3 | test.describe('UI/UX @UI_UX', () => {
      4 |
    > 5 |   test.beforeEach(async ({ page }) => {
        |        ^
      6 |     await page.goto('/');
      7 |     // Ensure col exists
      8 |     if (await page.locator('.kanban-column').count() === 0) {
        at /home/kavia/workspace/code-generation/playwright-test-suite-for-application-automation-286725/tests/kanban/UI_UX/ui_ux.spec.ts:5:8

    Error: locator.click: Test timeout of 30000ms exceeded.
    Call log:
      - waiting for getByRole('button', { name: '+ Add Column' })


       7 |     // Ensure col exists
       8 |     if (await page.locator('.kanban-column').count() === 0) {
    >  9 |       await page.getByRole('button', { name: '+ Add Column' }).click();
         |                                                                ^
      10 |       await page.getByPlaceholder(/column title/i).fill('UI Test');
      11 |       await page.getByRole('button', { name: 'Add Column', exact: true }).click();
      12 |     }
        at /home/kavia/workspace/code-generation/playwright-test-suite-for-application-automation-286725/tests/kanban/UI_UX/ui_ux.spec.ts:9:64

    Error Context: ../test-results/kanban-UI_UX-ui_ux-UI-UX-U-599b6-l-characters-in-input-TC-16-webkit-retry2/error-context.md
]]>
</failure>
<system-out>
<![CDATA[
[[ATTACHMENT|kanban-UI_UX-ui_ux-UI-UX-U-599b6-l-characters-in-input-TC-16-webkit/error-context.md]]

[[ATTACHMENT|kanban-UI_UX-ui_ux-UI-UX-U-599b6-l-characters-in-input-TC-16-webkit-retry1/error-context.md]]

[[ATTACHMENT|kanban-UI_UX-ui_ux-UI-UX-U-599b6-l-characters-in-input-TC-16-webkit-retry1/trace.zip]]

[[ATTACHMENT|kanban-UI_UX-ui_ux-UI-UX-U-599b6-l-characters-in-input-TC-16-webkit-retry2/error-context.md]]
]]>
</system-out>
<system-err>
<![CDATA[Skipping host requirements validation logic because `PLAYWRIGHT_SKIP_VALIDATE_HOST_REQUIREMENTS` env variable is set.
Skipping host requirements validation logic because `PLAYWRIGHT_SKIP_VALIDATE_HOST_REQUIREMENTS` env variable is set.
Skipping host requirements validation logic because `PLAYWRIGHT_SKIP_VALIDATE_HOST_REQUIREMENTS` env variable is set.
]]>
</system-err>
</testcase>
<testcase name="UI/UX @UI_UX › TC-17: Mobile responsiveness @TC-17" classname="kanban/UI_UX/ui_ux.spec.ts" time="90.294">
<failure message="ui_ux.spec.ts:49:7 TC-17: Mobile responsiveness @TC-17" type="FAILURE">
<![CDATA[  [webkit] › kanban/UI_UX/ui_ux.spec.ts:49:7 › UI/UX @UI_UX › TC-17: Mobile responsiveness @TC-17 ──

    Test timeout of 30000ms exceeded while running "beforeEach" hook.

      3 | test.describe('UI/UX @UI_UX', () => {
      4 |
    > 5 |   test.beforeEach(async ({ page }) => {
        |        ^
      6 |     await page.goto('/');
      7 |     // Ensure col exists
      8 |     if (await page.locator('.kanban-column').count() === 0) {
        at /home/kavia/workspace/code-generation/playwright-test-suite-for-application-automation-286725/tests/kanban/UI_UX/ui_ux.spec.ts:5:8

    Error: locator.click: Test timeout of 30000ms exceeded.
    Call log:
      - waiting for getByRole('button', { name: '+ Add Column' })


       7 |     // Ensure col exists
       8 |     if (await page.locator('.kanban-column').count() === 0) {
    >  9 |       await page.getByRole('button', { name: '+ Add Column' }).click();
         |                                                                ^
      10 |       await page.getByPlaceholder(/column title/i).fill('UI Test');
      11 |       await page.getByRole('button', { name: 'Add Column', exact: true }).click();
      12 |     }
        at /home/kavia/workspace/code-generation/playwright-test-suite-for-application-automation-286725/tests/kanban/UI_UX/ui_ux.spec.ts:9:64

    Error Context: ../test-results/kanban-UI_UX-ui_ux-UI-UX-U-b6136-Mobile-responsiveness-TC-17-webkit/error-context.md

    Retry #1 ───────────────────────────────────────────────────────────────────────────────────────

    Test timeout of 30000ms exceeded while running "beforeEach" hook.

      3 | test.describe('UI/UX @UI_UX', () => {
      4 |
    > 5 |   test.beforeEach(async ({ page }) => {
        |        ^
      6 |     await page.goto('/');
      7 |     // Ensure col exists
      8 |     if (await page.locator('.kanban-column').count() === 0) {
        at /home/kavia/workspace/code-generation/playwright-test-suite-for-application-automation-286725/tests/kanban/UI_UX/ui_ux.spec.ts:5:8

    Error: locator.click: Test timeout of 30000ms exceeded.
    Call log:
      - waiting for getByRole('button', { name: '+ Add Column' })


       7 |     // Ensure col exists
       8 |     if (await page.locator('.kanban-column').count() === 0) {
    >  9 |       await page.getByRole('button', { name: '+ Add Column' }).click();
         |                                                                ^
      10 |       await page.getByPlaceholder(/column title/i).fill('UI Test');
      11 |       await page.getByRole('button', { name: 'Add Column', exact: true }).click();
      12 |     }
        at /home/kavia/workspace/code-generation/playwright-test-suite-for-application-automation-286725/tests/kanban/UI_UX/ui_ux.spec.ts:9:64

    Error Context: ../test-results/kanban-UI_UX-ui_ux-UI-UX-U-b6136-Mobile-responsiveness-TC-17-webkit-retry1/error-context.md

    attachment #2: trace (application/zip) ─────────────────────────────────────────────────────────
    ../test-results/kanban-UI_UX-ui_ux-UI-UX-U-b6136-Mobile-responsiveness-TC-17-webkit-retry1/trace.zip
    Usage:

        npx playwright show-trace ../test-results/kanban-UI_UX-ui_ux-UI-UX-U-b6136-Mobile-responsiveness-TC-17-webkit-retry1/trace.zip

    ────────────────────────────────────────────────────────────────────────────────────────────────

    Retry #2 ───────────────────────────────────────────────────────────────────────────────────────

    Test timeout of 30000ms exceeded while running "beforeEach" hook.

      3 | test.describe('UI/UX @UI_UX', () => {
      4 |
    > 5 |   test.beforeEach(async ({ page }) => {
        |        ^
      6 |     await page.goto('/');
      7 |     // Ensure col exists
      8 |     if (await page.locator('.kanban-column').count() === 0) {
        at /home/kavia/workspace/code-generation/playwright-test-suite-for-application-automation-286725/tests/kanban/UI_UX/ui_ux.spec.ts:5:8

    Error: locator.click: Test timeout of 30000ms exceeded.
    Call log:
      - waiting for getByRole('button', { name: '+ Add Column' })


       7 |     // Ensure col exists
       8 |     if (await page.locator('.kanban-column').count() === 0) {
    >  9 |       await page.getByRole('button', { name: '+ Add Column' }).click();
         |                                                                ^
      10 |       await page.getByPlaceholder(/column title/i).fill('UI Test');
      11 |       await page.getByRole('button', { name: 'Add Column', exact: true }).click();
      12 |     }
        at /home/kavia/workspace/code-generation/playwright-test-suite-for-application-automation-286725/tests/kanban/UI_UX/ui_ux.spec.ts:9:64

    Error Context: ../test-results/kanban-UI_UX-ui_ux-UI-UX-U-b6136-Mobile-responsiveness-TC-17-webkit-retry2/error-context.md
]]>
</failure>
<system-out>
<![CDATA[
[[ATTACHMENT|kanban-UI_UX-ui_ux-UI-UX-U-b6136-Mobile-responsiveness-TC-17-webkit/error-context.md]]

[[ATTACHMENT|kanban-UI_UX-ui_ux-UI-UX-U-b6136-Mobile-responsiveness-TC-17-webkit-retry1/error-context.md]]

[[ATTACHMENT|kanban-UI_UX-ui_ux-UI-UX-U-b6136-Mobile-responsiveness-TC-17-webkit-retry1/trace.zip]]

[[ATTACHMENT|kanban-UI_UX-ui_ux-UI-UX-U-b6136-Mobile-responsiveness-TC-17-webkit-retry2/error-context.md]]
]]>
</system-out>
<system-err>
<![CDATA[Skipping host requirements validation logic because `PLAYWRIGHT_SKIP_VALIDATE_HOST_REQUIREMENTS` env variable is set.
Skipping host requirements validation logic because `PLAYWRIGHT_SKIP_VALIDATE_HOST_REQUIREMENTS` env variable is set.
Skipping host requirements validation logic because `PLAYWRIGHT_SKIP_VALIDATE_HOST_REQUIREMENTS` env variable is set.
]]>
</system-err>
</testcase>
</testsuite>
<testsuite name="sample.spec.ts" timestamp="2025-12-08T17:42:01.593Z" hostname="webkit" tests="1" failures="0" skipped="0" time="0.629" errors="0">
<testcase name="Sample suite › can open example.com and have title containing Example @smoke" classname="sample.spec.ts" time="0.629">
<system-err>
<![CDATA[Skipping host requirements validation logic because `PLAYWRIGHT_SKIP_VALIDATE_HOST_REQUIREMENTS` env variable is set.
]]>
</system-err>
</testcase>
</testsuite>
</testsuites>