<testsuites id="" name="" tests="9" failures="0" skipped="0" errors="0" time="4.583526">
<testsuite name="example.spec.ts" timestamp="2025-12-05T17:54:05.285Z" hostname="chromium" tests="2" failures="0" skipped="0" time="1.14" errors="0">
<testcase name="has title @smoke" classname="example.spec.ts" time="0.415">
<system-err>
<![CDATA[Skipping host requirements validation logic because `PLAYWRIGHT_SKIP_VALIDATE_HOST_REQUIREMENTS` env variable is set.
]]>
</system-err>
</testcase>
<testcase name="get started link @smoke" classname="example.spec.ts" time="0.725">
<system-err>
<![CDATA[Skipping host requirements validation logic because `PLAYWRIGHT_SKIP_VALIDATE_HOST_REQUIREMENTS` env variable is set.
]]>
</system-err>
</testcase>
</testsuite>
<testsuite name="sample.spec.ts" timestamp="2025-12-05T17:54:05.285Z" hostname="chromium" tests="1" failures="0" skipped="0" time="0.276" errors="0">
<testcase name="Sample suite › can open example.com and have title containing Example @smoke" classname="sample.spec.ts" time="0.276">
<system-err>
<![CDATA[Skipping host requirements validation logic because `PLAYWRIGHT_SKIP_VALIDATE_HOST_REQUIREMENTS` env variable is set.
]]>
</system-err>
</testcase>
</testsuite>
<testsuite name="example.spec.ts" timestamp="2025-12-05T17:54:05.285Z" hostname="firefox" tests="2" failures="0" skipped="0" time="4.016" errors="0">
<testcase name="has title @smoke" classname="example.spec.ts" time="1.843">
<system-err>
<![CDATA[Skipping host requirements validation logic because `PLAYWRIGHT_SKIP_VALIDATE_HOST_REQUIREMENTS` env variable is set.
]]>
</system-err>
</testcase>
<testcase name="get started link @smoke" classname="example.spec.ts" time="2.173">
<system-err>
<![CDATA[Skipping host requirements validation logic because `PLAYWRIGHT_SKIP_VALIDATE_HOST_REQUIREMENTS` env variable is set.
]]>
</system-err>
</testcase>
</testsuite>
<testsuite name="sample.spec.ts" timestamp="2025-12-05T17:54:05.285Z" hostname="firefox" tests="1" failures="0" skipped="0" time="1.306" errors="0">
<testcase name="Sample suite › can open example.com and have title containing Example @smoke" classname="sample.spec.ts" time="1.306">
<system-err>
<![CDATA[Skipping host requirements validation logic because `PLAYWRIGHT_SKIP_VALIDATE_HOST_REQUIREMENTS` env variable is set.
]]>
</system-err>
</testcase>
</testsuite>
<testsuite name="example.spec.ts" timestamp="2025-12-05T17:54:05.285Z" hostname="webkit" tests="2" failures="0" skipped="0" time="2.554" errors="0">
<testcase name="has title @smoke" classname="example.spec.ts" time="0.925">
<system-err>
<![CDATA[Skipping host requirements validation logic because `PLAYWRIGHT_SKIP_VALIDATE_HOST_REQUIREMENTS` env variable is set.
]]>
</system-err>
</testcase>
<testcase name="get started link @smoke" classname="example.spec.ts" time="1.629">
<system-err>
<![CDATA[Skipping host requirements validation logic because `PLAYWRIGHT_SKIP_VALIDATE_HOST_REQUIREMENTS` env variable is set.
]]>
</system-err>
</testcase>
</testsuite>
<testsuite name="sample.spec.ts" timestamp="2025-12-05T17:54:05.285Z" hostname="webkit" tests="1" failures="0" skipped="0" time="0.649" errors="0">
<testcase name="Sample suite › can open example.com and have title containing Example @smoke" classname="sample.spec.ts" time="0.649">
<system-err>
<![CDATA[Skipping host requirements validation logic because `PLAYWRIGHT_SKIP_VALIDATE_HOST_REQUIREMENTS` env variable is set.
]]>
</system-err>
</testcase>
</testsuite>
</testsuites>